nohup: ignoring input
0 0 0 0 0 0 0 0 0 0 0 
 0 0 0 0 0 0 0 0 0 0 0 
  0 0 0 0 0 0 0 0 0 0 0 
   0 0 0 0 0 0 0 0 0 0 0 
    0 0 0 0 0 0 0 0 0 0 0 
     0 0 0 0 0 0 0 0 0 0 0 
      0 0 0 0 0 0 0 0 0 0 0 
       0 0 0 0 0 0 0 0 0 0 0 
        0 0 0 0 0 0 0 0 0 0 0 
         0 0 0 0 0 0 0 0 0 0 0 
          0 0 0 0 0 0 0 0 0 0 0 
Jessica
1082
0 0 0 0 0 0 0 0 0 0 0 
 0 0 0 0 0 0 0 0 0 0 0 
  0 0 0 0 0 0 0 0 0 0 0 
   0 0 0 0 0 0 0 0 0 0 0 
    0 0 0 0 0 0 0 0 0 0 0 
     0 0 0 0 0 1 0 0 0 0 0 
      0 0 0 0 0 0 0 0 0 0 0 
       0 0 0 0 0 0 0 0 0 0 0 
        0 0 0 0 0 0 0 0 0 0 0 
         0 0 0 0 0 0 0 0 0 0 0 
          0 0 0 0 0 0 0 0 0 0 0 
Joann
3200
0 0 0 0 0 0 0 0 0 0 0 
 0 0 0 0 0 0 0 0 0 0 0 
  0 0 0 0 0 0 0 0 0 0 0 
   0 0 0 0 0 0 0 0 0 0 0 
    0 0 0 0 0 0 0 0 0 0 0 
     0 0 0 0 0 1 0 0 0 0 0 
      0 0 0 0 0 0 0 0 0 0 0 
       0 0 0 0 0 2 0 0 0 0 0 
        0 0 0 0 0 0 0 0 0 0 0 
         0 0 0 0 0 0 0 0 0 0 0 
          0 0 0 0 0 0 0 0 0 0 0 
Jessica
1985
0 0 0 0 0 0 0 0 0 0 0 
 0 0 0 0 0 0 0 0 0 0 0 
  0 0 0 0 0 0 0 0 0 0 0 
   0 0 0 0 0 0 0 1 0 0 0 
    0 0 0 0 0 0 0 0 0 0 0 
     0 0 0 0 0 1 0 0 0 0 0 
      0 0 0 0 0 0 0 0 0 0 0 
       0 0 0 0 0 2 0 0 0 0 0 
        0 0 0 0 0 0 0 0 0 0 0 
         0 0 0 0 0 0 0 0 0 0 0 
          0 0 0 0 0 0 0 0 0 0 0 
Joann
3328
0 0 0 0 0 0 0 0 0 0 0 
 0 0 0 0 0 0 0 0 0 0 0 
  0 0 0 0 0 0 0 0 0 0 0 
   0 0 0 0 0 0 0 1 0 0 0 
    0 0 0 0 0 0 0 0 0 0 0 
     0 0 0 0 0 1 0 0 0 0 0 
      0 0 0 0 0 0 0 0 0 0 0 
       0 0 0 2 0 2 0 0 0 0 0 
        0 0 0 0 0 0 0 0 0 0 0 
         0 0 0 0 0 0 0 0 0 0 0 
          0 0 0 0 0 0 0 0 0 0 0 
Jessica
1959
0 0 0 0 0 0 0 0 0 0 0 
 0 0 0 0 0 0 0 0 0 0 0 
  0 0 0 0 0 0 0 0 0 0 0 
   0 0 0 0 0 0 0 1 0 0 0 
    0 0 0 0 0 0 0 0 0 0 0 
     0 0 0 0 0 1 0 0 0 0 0 
      0 0 0 0 0 0 0 0 0 0 0 
       0 0 0 2 1 2 0 0 0 0 0 
        0 0 0 0 0 0 0 0 0 0 0 
         0 0 0 0 0 0 0 0 0 0 0 
          0 0 0 0 0 0 0 0 0 0 0 
Joann
3096
0 0 0 0 0 0 0 0 0 0 0 
 0 0 0 0 0 0 0 0 0 0 0 
  0 0 0 0 0 0 0 0 0 0 0 
   0 0 0 0 0 0 0 1 0 0 0 
    0 0 0 0 0 0 0 0 0 0 0 
     0 0 0 0 0 1 0 0 0 0 0 
      0 0 0 0 2 0 0 0 0 0 0 
       0 0 0 2 1 2 0 0 0 0 0 
        0 0 0 0 0 0 0 0 0 0 0 
         0 0 0 0 0 0 0 0 0 0 0 
          0 0 0 0 0 0 0 0 0 0 0 
Jessica
2086
0 0 0 0 0 0 0 0 0 0 0 
 0 0 0 0 0 0 0 0 0 0 0 
  0 0 0 0 0 0 0 0 0 0 0 
   0 0 0 0 0 0 0 1 0 0 0 
    0 0 0 0 0 0 0 0 0 0 0 
     0 0 0 0 0 1 0 0 0 0 0 
      0 0 0 0 2 1 0 0 0 0 0 
       0 0 0 2 1 2 0 0 0 0 0 
        0 0 0 0 0 0 0 0 0 0 0 
         0 0 0 0 0 0 0 0 0 0 0 
          0 0 0 0 0 0 0 0 0 0 0 
Joann
3941
0 0 0 0 0 0 0 0 0 0 0 
 0 0 0 0 0 0 0 0 0 0 0 
  0 0 0 0 0 0 0 0 0 0 0 
   0 0 0 0 0 0 0 1 0 0 0 
    0 0 0 0 0 0 0 0 0 0 0 
     0 0 0 0 0 1 0 0 0 0 0 
      0 0 0 0 2 1 0 0 0 0 0 
       0 0 0 2 1 2 0 0 0 0 0 
        0 0 0 0 2 0 0 0 0 0 0 
         0 0 0 0 0 0 0 0 0 0 0 
          0 0 0 0 0 0 0 0 0 0 0 
Jessica
1948
0 0 0 0 0 0 0 0 0 0 0 
 0 0 0 0 0 0 0 0 0 0 0 
  0 0 0 0 0 0 0 0 0 0 0 
   0 0 0 0 0 0 0 1 0 0 0 
    0 0 0 0 0 0 0 0 0 0 0 
     0 0 0 0 0 1 0 0 0 0 0 
      0 0 0 0 2 1 0 0 0 0 0 
       0 0 0 2 1 2 0 0 0 0 0 
        0 0 0 1 2 0 0 0 0 0 0 
         0 0 0 0 0 0 0 0 0 0 0 
          0 0 0 0 0 0 0 0 0 0 0 
Joann
3736
0 0 0 0 0 0 0 0 0 0 0 
 0 0 0 0 0 0 0 0 0 0 0 
  0 0 0 0 0 0 0 0 0 0 0 
   0 0 0 0 0 0 0 1 0 0 0 
    0 0 0 0 0 0 0 0 0 0 0 
     0 0 0 0 0 1 0 0 0 0 0 
      0 0 0 0 2 1 0 0 0 0 0 
       0 0 0 2 1 2 0 0 0 0 0 
        0 0 0 1 2 0 0 0 0 0 0 
         0 0 0 2 0 0 0 0 0 0 0 
          0 0 0 0 0 0 0 0 0 0 0 
Jessica
807
0 0 0 0 0 0 0 0 0 0 0 
 0 0 0 0 0 0 0 0 0 0 0 
  0 0 0 0 0 0 0 0 0 0 0 
   0 0 0 0 0 0 0 1 0 0 0 
    0 0 0 0 0 0 0 0 0 0 0 
     0 0 0 0 0 1 0 0 0 0 0 
      0 0 0 0 2 1 0 0 0 0 0 
       0 0 0 2 1 2 0 0 0 0 0 
        0 0 0 1 2 0 0 0 0 0 0 
         0 0 1 2 0 0 0 0 0 0 0 
          0 0 0 0 0 0 0 0 0 0 0 
Joann
3698
0 0 0 0 0 0 0 0 0 0 0 
 0 0 0 0 0 0 0 0 0 0 0 
  0 0 0 0 0 0 0 0 0 0 0 
   0 0 0 0 0 0 0 1 0 0 0 
    0 0 0 0 0 2 0 0 0 0 0 
     0 0 0 0 0 1 0 0 0 0 0 
      0 0 0 0 2 1 0 0 0 0 0 
       0 0 0 2 1 2 0 0 0 0 0 
        0 0 0 1 2 0 0 0 0 0 0 
         0 0 1 2 0 0 0 0 0 0 0 
          0 0 0 0 0 0 0 0 0 0 0 
Jessica
1320
0 0 0 0 0 0 0 0 0 0 0 
 0 0 0 0 0 0 0 0 0 0 0 
  0 0 0 0 0 0 0 0 0 0 0 
   0 0 0 0 0 0 0 1 0 0 0 
    0 0 0 0 0 2 1 0 0 0 0 
     0 0 0 0 0 1 0 0 0 0 0 
      0 0 0 0 2 1 0 0 0 0 0 
       0 0 0 2 1 2 0 0 0 0 0 
        0 0 0 1 2 0 0 0 0 0 0 
         0 0 1 2 0 0 0 0 0 0 0 
          0 0 0 0 0 0 0 0 0 0 0 
Joann
3783
0 0 0 0 0 0 0 0 0 0 0 
 0 0 0 0 0 0 0 0 0 0 0 
  0 0 0 0 0 0 0 0 0 0 0 
   0 0 0 0 0 0 0 1 0 0 0 
    0 0 0 0 0 2 1 0 0 0 0 
     0 0 0 0 2 1 0 0 0 0 0 
      0 0 0 0 2 1 0 0 0 0 0 
       0 0 0 2 1 2 0 0 0 0 0 
        0 0 0 1 2 0 0 0 0 0 0 
         0 0 1 2 0 0 0 0 0 0 0 
          0 0 0 0 0 0 0 0 0 0 0 
Jessica
1655
0 0 0 0 0 0 0 0 0 0 0 
 0 0 0 0 0 0 0 0 0 0 0 
  0 0 0 0 0 0 0 1 0 0 0 
   0 0 0 0 0 0 0 1 0 0 0 
    0 0 0 0 0 2 1 0 0 0 0 
     0 0 0 0 2 1 0 0 0 0 0 
      0 0 0 0 2 1 0 0 0 0 0 
       0 0 0 2 1 2 0 0 0 0 0 
        0 0 0 1 2 0 0 0 0 0 0 
         0 0 1 2 0 0 0 0 0 0 0 
          0 0 0 0 0 0 0 0 0 0 0 
Joann
2686
0 0 0 0 0 0 0 0 0 0 0 
 0 0 0 0 0 0 0 0 0 0 0 
  0 0 0 0 0 0 0 1 0 0 0 
   0 0 0 0 0 0 0 1 0 0 0 
    0 0 0 0 0 2 1 0 0 0 0 
     0 0 0 0 2 1 0 0 0 0 0 
      0 0 0 0 2 1 0 0 0 0 0 
       0 0 0 2 1 2 0 0 0 0 0 
        0 0 0 1 2 0 0 0 0 0 0 
         0 0 1 2 0 0 0 0 0 0 0 
          0 2 0 0 0 0 0 0 0 0 0 
Jessica
2230
0 0 0 0 0 0 0 0 0 0 0 
 0 0 0 0 0 0 0 0 0 0 0 
  0 0 0 0 0 0 0 1 0 0 0 
   0 0 0 0 0 0 0 1 0 0 0 
    0 0 0 0 0 2 1 0 0 0 0 
     0 0 0 0 2 1 0 0 0 0 0 
      0 0 0 0 2 1 0 0 0 0 0 
       0 0 0 2 1 2 0 0 0 0 0 
        0 0 0 1 2 0 0 0 0 0 0 
         0 0 1 2 0 0 0 0 0 0 0 
          0 2 1 0 0 0 0 0 0 0 0 
Joann
4004
0 0 0 0 0 0 0 0 0 0 0 
 0 0 0 0 0 0 0 2 0 0 0 
  0 0 0 0 0 0 0 1 0 0 0 
   0 0 0 0 0 0 0 1 0 0 0 
    0 0 0 0 0 2 1 0 0 0 0 
     0 0 0 0 2 1 0 0 0 0 0 
      0 0 0 0 2 1 0 0 0 0 0 
       0 0 0 2 1 2 0 0 0 0 0 
        0 0 0 1 2 0 0 0 0 0 0 
         0 0 1 2 0 0 0 0 0 0 0 
          0 2 1 0 0 0 0 0 0 0 0 
Jessica
1950
0 0 0 0 0 0 0 0 0 0 0 
 0 0 0 0 0 0 0 2 1 0 0 
  0 0 0 0 0 0 0 1 0 0 0 
   0 0 0 0 0 0 0 1 0 0 0 
    0 0 0 0 0 2 1 0 0 0 0 
     0 0 0 0 2 1 0 0 0 0 0 
      0 0 0 0 2 1 0 0 0 0 0 
       0 0 0 2 1 2 0 0 0 0 0 
        0 0 0 1 2 0 0 0 0 0 0 
         0 0 1 2 0 0 0 0 0 0 0 
          0 2 1 0 0 0 0 0 0 0 0 
Joann
3613
0 0 0 0 0 0 0 0 2 0 0 
 0 0 0 0 0 0 0 2 1 0 0 
  0 0 0 0 0 0 0 1 0 0 0 
   0 0 0 0 0 0 0 1 0 0 0 
    0 0 0 0 0 2 1 0 0 0 0 
     0 0 0 0 2 1 0 0 0 0 0 
      0 0 0 0 2 1 0 0 0 0 0 
       0 0 0 2 1 2 0 0 0 0 0 
        0 0 0 1 2 0 0 0 0 0 0 
         0 0 1 2 0 0 0 0 0 0 0 
          0 2 1 0 0 0 0 0 0 0 0 
Jessica
568228
0 0 0 0 0 0 0 0 2 1 0 
 0 0 0 0 0 0 0 2 1 0 0 
  0 0 0 0 0 0 0 1 0 0 0 
   0 0 0 0 0 0 0 1 0 0 0 
    0 0 0 0 0 2 1 0 0 0 0 
     0 0 0 0 2 1 0 0 0 0 0 
      0 0 0 0 2 1 0 0 0 0 0 
       0 0 0 2 1 2 0 0 0 0 0 
        0 0 0 1 2 0 0 0 0 0 0 
         0 0 1 2 0 0 0 0 0 0 0 
          0 2 1 0 0 0 0 0 0 0 0 
Winner: Jessica
0 0 0 0 0 0 0 0 0 0 0 
 0 0 0 0 0 0 0 0 0 0 0 
  0 0 0 0 0 0 0 0 0 0 0 
   0 0 0 0 0 0 0 0 0 0 0 
    0 0 0 0 0 0 0 0 0 0 0 
     0 0 0 0 0 0 0 0 0 0 0 
      0 0 0 0 0 0 0 0 0 0 0 
       0 0 0 0 0 0 0 0 0 0 0 
        0 0 0 0 0 0 0 0 0 0 0 
         0 0 0 0 0 0 0 0 0 0 0 
          0 0 0 0 0 0 0 0 0 0 0 
Joann
1109
0 0 0 0 0 0 0 0 0 0 0 
 0 0 0 0 0 0 0 0 0 0 0 
  0 0 0 0 0 0 0 0 0 0 0 
   0 0 0 0 0 0 0 0 0 0 0 
    0 0 0 0 0 1 0 0 0 0 0 
     0 0 0 0 0 0 0 0 0 0 0 
      0 0 0 0 0 0 0 0 0 0 0 
       0 0 0 0 0 0 0 0 0 0 0 
        0 0 0 0 0 0 0 0 0 0 0 
         0 0 0 0 0 0 0 0 0 0 0 
          0 0 0 0 0 0 0 0 0 0 0 
Jessica
1636
0 0 0 0 0 0 0 0 0 0 0 
 0 0 0 0 0 0 0 0 0 0 0 
  0 0 0 0 0 0 0 0 0 0 0 
   0 0 0 0 0 0 0 0 0 0 0 
    0 0 0 0 0 1 0 0 0 0 0 
     0 0 0 0 0 0 0 2 0 0 0 
      0 0 0 0 0 0 0 0 0 0 0 
       0 0 0 0 0 0 0 0 0 0 0 
        0 0 0 0 0 0 0 0 0 0 0 
         0 0 0 0 0 0 0 0 0 0 0 
          0 0 0 0 0 0 0 0 0 0 0 
Joann
4058
0 0 0 0 0 0 0 0 0 0 0 
 0 0 0 0 0 0 0 0 0 0 0 
  0 0 0 0 0 0 0 0 1 0 0 
   0 0 0 0 0 0 0 0 0 0 0 
    0 0 0 0 0 1 0 0 0 0 0 
     0 0 0 0 0 0 0 2 0 0 0 
      0 0 0 0 0 0 0 0 0 0 0 
       0 0 0 0 0 0 0 0 0 0 0 
        0 0 0 0 0 0 0 0 0 0 0 
         0 0 0 0 0 0 0 0 0 0 0 
          0 0 0 0 0 0 0 0 0 0 0 
Jessica
1988
0 0 0 0 0 0 0 0 0 0 0 
 0 0 0 0 0 0 0 0 0 0 0 
  0 0 0 0 0 0 0 0 1 0 0 
   0 0 0 0 0 0 0 0 0 0 0 
    0 0 0 0 0 1 0 0 0 0 0 
     0 0 0 0 0 0 0 2 0 0 0 
      0 0 0 0 0 0 0 0 0 0 0 
       0 0 2 0 0 0 0 0 0 0 0 
        0 0 0 0 0 0 0 0 0 0 0 
         0 0 0 0 0 0 0 0 0 0 0 
          0 0 0 0 0 0 0 0 0 0 0 
Joann
3411
0 0 0 0 0 0 0 0 0 0 0 
 0 0 0 0 0 0 0 0 0 0 0 
  0 0 0 0 0 0 0 0 1 0 0 
   0 0 0 0 0 0 0 0 0 0 0 
    0 0 0 0 0 1 0 0 0 0 0 
     0 0 0 0 0 0 0 2 0 0 0 
      0 0 0 0 1 0 0 0 0 0 0 
       0 0 2 0 0 0 0 0 0 0 0 
        0 0 0 0 0 0 0 0 0 0 0 
         0 0 0 0 0 0 0 0 0 0 0 
          0 0 0 0 0 0 0 0 0 0 0 
Jessica
1056
0 0 0 0 0 0 0 0 0 0 0 
 0 0 0 0 0 0 0 0 0 0 0 
  0 0 0 0 0 0 0 0 1 0 0 
   0 0 0 0 0 0 0 0 0 0 0 
    0 0 0 0 0 1 0 0 0 0 0 
     0 0 0 0 0 0 0 2 0 0 0 
      0 0 0 0 1 0 0 0 0 0 0 
       0 0 2 0 2 0 0 0 0 0 0 
        0 0 0 0 0 0 0 0 0 0 0 
         0 0 0 0 0 0 0 0 0 0 0 
          0 0 0 0 0 0 0 0 0 0 0 
Joann
2669
0 0 0 0 0 0 0 0 0 0 0 
 0 0 0 0 0 0 0 0 0 0 0 
  0 0 0 0 0 0 0 0 1 0 0 
   0 0 0 0 0 0 0 0 0 0 0 
    0 0 0 0 0 1 0 0 0 0 0 
     0 0 0 0 0 0 0 2 0 0 0 
      0 0 0 0 1 0 0 0 0 0 0 
       0 0 2 1 2 0 0 0 0 0 0 
        0 0 0 0 0 0 0 0 0 0 0 
         0 0 0 0 0 0 0 0 0 0 0 
          0 0 0 0 0 0 0 0 0 0 0 
Jessica
1991
0 0 0 0 0 0 0 0 0 0 0 
 0 0 0 0 0 0 0 0 0 0 0 
  0 0 0 0 0 0 0 0 1 0 0 
   0 0 0 0 0 0 0 0 0 0 0 
    0 0 0 0 0 1 0 0 0 0 0 
     0 0 0 0 0 0 0 2 0 0 0 
      0 0 0 0 1 0 0 0 0 0 0 
       0 0 2 1 2 0 0 0 0 0 0 
        0 0 0 2 0 0 0 0 0 0 0 
         0 0 0 0 0 0 0 0 0 0 0 
          0 0 0 0 0 0 0 0 0 0 0 
Joann
4154
0 0 0 0 0 0 0 0 0 0 0 
 0 0 0 0 0 0 0 0 0 0 0 
  0 0 0 0 0 0 0 0 1 0 0 
   0 0 0 0 0 0 0 0 0 0 0 
    0 0 0 0 0 1 0 0 0 0 0 
     0 0 0 0 0 0 0 2 0 0 0 
      0 0 0 0 1 0 0 0 0 0 0 
       0 0 2 1 2 0 0 0 0 0 0 
        0 0 1 2 0 0 0 0 0 0 0 
         0 0 0 0 0 0 0 0 0 0 0 
          0 0 0 0 0 0 0 0 0 0 0 
Jessica
2016
0 0 0 0 0 0 0 0 0 0 0 
 0 0 0 0 0 0 0 0 0 0 0 
  0 0 0 0 0 0 0 0 1 0 0 
   0 0 0 0 0 0 0 0 0 0 0 
    0 0 0 0 0 1 0 0 0 0 0 
     0 0 0 0 0 0 0 2 0 0 0 
      0 0 0 0 1 0 0 0 0 0 0 
       0 0 2 1 2 0 0 0 0 0 0 
        0 0 1 2 0 0 0 0 0 0 0 
         0 0 2 0 0 0 0 0 0 0 0 
          0 0 0 0 0 0 0 0 0 0 0 
Joann
3034
0 0 0 0 0 0 0 0 0 0 0 
 0 0 0 0 0 0 0 0 0 0 0 
  0 0 0 0 0 0 0 0 1 0 0 
   0 0 0 0 0 0 0 0 0 0 0 
    0 0 0 0 0 1 0 0 0 0 0 
     0 0 0 0 0 0 0 2 0 0 0 
      0 0 0 0 1 0 0 0 0 0 0 
       0 0 2 1 2 0 0 0 0 0 0 
        0 0 1 2 0 0 0 0 0 0 0 
         0 1 2 0 0 0 0 0 0 0 0 
          0 0 0 0 0 0 0 0 0 0 0 
Jessica
1270
0 0 0 0 0 0 0 0 0 0 0 
 0 0 0 0 0 0 0 0 0 0 0 
  0 0 0 0 0 0 0 0 1 0 0 
   0 0 0 0 0 0 0 0 0 0 0 
    0 0 0 0 0 1 0 0 0 0 0 
     0 0 0 0 0 0 0 2 0 0 0 
      0 0 0 0 1 0 0 0 0 0 0 
       0 0 2 1 2 0 0 0 0 0 0 
        0 0 1 2 0 0 0 0 0 0 0 
         0 1 2 0 0 0 0 0 0 0 0 
          2 0 0 0 0 0 0 0 0 0 0 
Joann
4265
0 0 0 0 0 0 0 0 0 0 0 
 0 0 0 0 0 0 0 0 0 0 0 
  0 0 0 0 0 0 0 0 1 0 0 
   0 0 0 0 0 0 0 0 0 0 0 
    0 0 0 0 0 1 0 0 0 0 0 
     0 0 0 0 0 0 0 2 0 0 0 
      0 0 0 0 1 0 0 0 0 0 0 
       0 0 2 1 2 0 0 0 0 0 0 
        0 0 1 2 0 0 0 0 0 0 0 
         0 1 2 0 0 0 0 0 0 0 0 
          2 1 0 0 0 0 0 0 0 0 0 
Jessica
1803
0 0 0 0 0 0 0 0 0 0 0 
 0 0 0 0 0 0 0 0 0 0 0 
  0 0 0 0 0 0 0 0 1 0 0 
   0 0 0 0 0 0 0 0 0 0 0 
    0 0 0 0 0 1 0 0 0 0 0 
     0 0 0 0 0 2 0 2 0 0 0 
      0 0 0 0 1 0 0 0 0 0 0 
       0 0 2 1 2 0 0 0 0 0 0 
        0 0 1 2 0 0 0 0 0 0 0 
         0 1 2 0 0 0 0 0 0 0 0 
          2 1 0 0 0 0 0 0 0 0 0 
Joann
4245
0 0 0 0 0 0 0 0 0 0 0 
 0 0 0 0 0 0 0 0 0 0 0 
  0 0 0 0 0 0 0 0 1 0 0 
   0 0 0 0 0 0 0 0 0 0 0 
    0 0 0 0 0 1 0 0 0 0 0 
     0 0 0 0 1 2 0 2 0 0 0 
      0 0 0 0 1 0 0 0 0 0 0 
       0 0 2 1 2 0 0 0 0 0 0 
        0 0 1 2 0 0 0 0 0 0 0 
         0 1 2 0 0 0 0 0 0 0 0 
          2 1 0 0 0 0 0 0 0 0 0 
Jessica
1925
0 0 0 0 0 0 0 0 0 0 0 
 0 0 0 0 0 0 0 0 0 0 0 
  0 0 0 0 0 0 0 0 1 0 0 
   0 0 0 0 0 0 0 0 0 0 0 
    0 0 0 0 0 1 0 0 0 0 0 
     0 0 0 0 1 2 0 2 0 0 0 
      0 0 0 0 1 2 0 0 0 0 0 
       0 0 2 1 2 0 0 0 0 0 0 
        0 0 1 2 0 0 0 0 0 0 0 
         0 1 2 0 0 0 0 0 0 0 0 
          2 1 0 0 0 0 0 0 0 0 0 
Joann
2298
0 0 0 0 0 0 0 0 0 0 0 
 0 0 0 0 0 0 0 0 0 0 0 
  0 0 0 0 0 0 0 0 1 0 0 
   0 0 0 0 0 0 1 0 0 0 0 
    0 0 0 0 0 1 0 0 0 0 0 
     0 0 0 0 1 2 0 2 0 0 0 
      0 0 0 0 1 2 0 0 0 0 0 
       0 0 2 1 2 0 0 0 0 0 0 
        0 0 1 2 0 0 0 0 0 0 0 
         0 1 2 0 0 0 0 0 0 0 0 
          2 1 0 0 0 0 0 0 0 0 0 
Jessica
1906
0 0 0 0 0 0 0 0 0 0 2 
 0 0 0 0 0 0 0 0 0 0 0 
  0 0 0 0 0 0 0 0 1 0 0 
   0 0 0 0 0 0 1 0 0 0 0 
    0 0 0 0 0 1 0 0 0 0 0 
     0 0 0 0 1 2 0 2 0 0 0 
      0 0 0 0 1 2 0 0 0 0 0 
       0 0 2 1 2 0 0 0 0 0 0 
        0 0 1 2 0 0 0 0 0 0 0 
         0 1 2 0 0 0 0 0 0 0 0 
          2 1 0 0 0 0 0 0 0 0 0 
Joann
2785
0 0 0 0 0 0 0 0 0 0 2 
 0 0 0 0 0 0 0 1 0 0 0 
  0 0 0 0 0 0 0 0 1 0 0 
   0 0 0 0 0 0 1 0 0 0 0 
    0 0 0 0 0 1 0 0 0 0 0 
     0 0 0 0 1 2 0 2 0 0 0 
      0 0 0 0 1 2 0 0 0 0 0 
       0 0 2 1 2 0 0 0 0 0 0 
        0 0 1 2 0 0 0 0 0 0 0 
         0 1 2 0 0 0 0 0 0 0 0 
          2 1 0 0 0 0 0 0 0 0 0 
Jessica
2093
0 0 0 0 0 0 0 0 0 0 2 
 0 0 0 0 0 0 0 1 0 0 0 
  0 0 0 0 0 0 0 2 1 0 0 
   0 0 0 0 0 0 1 0 0 0 0 
    0 0 0 0 0 1 0 0 0 0 0 
     0 0 0 0 1 2 0 2 0 0 0 
      0 0 0 0 1 2 0 0 0 0 0 
       0 0 2 1 2 0 0 0 0 0 0 
        0 0 1 2 0 0 0 0 0 0 0 
         0 1 2 0 0 0 0 0 0 0 0 
          2 1 0 0 0 0 0 0 0 0 0 
Joann
3667
0 0 0 0 0 0 0 0 0 0 2 
 0 0 0 0 0 0 0 1 0 0 0 
  0 0 0 0 0 0 1 2 1 0 0 
   0 0 0 0 0 0 1 0 0 0 0 
    0 0 0 0 0 1 0 0 0 0 0 
     0 0 0 0 1 2 0 2 0 0 0 
      0 0 0 0 1 2 0 0 0 0 0 
       0 0 2 1 2 0 0 0 0 0 0 
        0 0 1 2 0 0 0 0 0 0 0 
         0 1 2 0 0 0 0 0 0 0 0 
          2 1 0 0 0 0 0 0 0 0 0 
Jessica
1829
0 0 0 0 0 0 0 2 0 0 2 
 0 0 0 0 0 0 0 1 0 0 0 
  0 0 0 0 0 0 1 2 1 0 0 
   0 0 0 0 0 0 1 0 0 0 0 
    0 0 0 0 0 1 0 0 0 0 0 
     0 0 0 0 1 2 0 2 0 0 0 
      0 0 0 0 1 2 0 0 0 0 0 
       0 0 2 1 2 0 0 0 0 0 0 
        0 0 1 2 0 0 0 0 0 0 0 
         0 1 2 0 0 0 0 0 0 0 0 
          2 1 0 0 0 0 0 0 0 0 0 
Joann
1055157
0 0 0 0 0 0 0 2 1 0 2 
 0 0 0 0 0 0 0 1 0 0 0 
  0 0 0 0 0 0 1 2 1 0 0 
   0 0 0 0 0 0 1 0 0 0 0 
    0 0 0 0 0 1 0 0 0 0 0 
     0 0 0 0 1 2 0 2 0 0 0 
      0 0 0 0 1 2 0 0 0 0 0 
       0 0 2 1 2 0 0 0 0 0 0 
        0 0 1 2 0 0 0 0 0 0 0 
         0 1 2 0 0 0 0 0 0 0 0 
          2 1 0 0 0 0 0 0 0 0 0 
Winner: Joann
0 0 0 0 0 0 0 0 0 0 0 
 0 0 0 0 0 0 0 0 0 0 0 
  0 0 0 0 0 0 0 0 0 0 0 
   0 0 0 0 0 0 0 0 0 0 0 
    0 0 0 0 0 0 0 0 0 0 0 
     0 0 0 0 0 0 0 0 0 0 0 
      0 0 0 0 0 0 0 0 0 0 0 
       0 0 0 0 0 0 0 0 0 0 0 
        0 0 0 0 0 0 0 0 0 0 0 
         0 0 0 0 0 0 0 0 0 0 0 
          0 0 0 0 0 0 0 0 0 0 0 
Joann
2272
0 0 0 0 0 0 0 0 0 0 0 
 0 0 0 0 0 0 0 0 0 0 0 
  0 0 0 0 0 0 0 0 0 0 0 
   0 0 0 0 0 0 0 0 0 0 0 
    0 0 0 0 1 0 0 0 0 0 0 
     0 0 0 0 0 0 0 0 0 0 0 
      0 0 0 0 0 0 0 0 0 0 0 
       0 0 0 0 0 0 0 0 0 0 0 
        0 0 0 0 0 0 0 0 0 0 0 
         0 0 0 0 0 0 0 0 0 0 0 
          0 0 0 0 0 0 0 0 0 0 0 
Jessica
1692
0 0 0 0 0 0 0 0 0 0 0 
 0 0 0 0 0 0 0 0 0 0 0 
  0 0 0 0 0 0 0 0 0 0 0 
   0 0 0 0 0 0 0 0 0 0 0 
    0 0 0 0 1 0 2 0 0 0 0 
     0 0 0 0 0 0 0 0 0 0 0 
      0 0 0 0 0 0 0 0 0 0 0 
       0 0 0 0 0 0 0 0 0 0 0 
        0 0 0 0 0 0 0 0 0 0 0 
         0 0 0 0 0 0 0 0 0 0 0 
          0 0 0 0 0 0 0 0 0 0 0 
Joann
3969
0 0 0 0 0 0 0 0 0 0 0 
 0 0 0 0 0 0 0 0 0 0 0 
  0 0 0 0 0 0 0 0 0 0 0 
   0 0 0 0 0 0 0 0 0 0 0 
    0 0 0 0 1 0 2 0 0 0 0 
     0 0 0 0 0 0 0 0 0 0 0 
      0 0 0 1 0 0 0 0 0 0 0 
       0 0 0 0 0 0 0 0 0 0 0 
        0 0 0 0 0 0 0 0 0 0 0 
         0 0 0 0 0 0 0 0 0 0 0 
          0 0 0 0 0 0 0 0 0 0 0 
Jessica
1904
0 0 0 0 0 0 0 0 0 0 0 
 0 0 0 0 0 0 0 0 0 0 0 
  0 0 0 0 0 0 0 0 0 0 0 
   0 0 0 0 0 0 0 0 0 0 0 
    0 0 0 0 1 0 2 0 0 0 0 
     0 0 0 0 0 0 0 0 0 0 0 
      0 0 0 1 0 0 0 0 0 0 0 
       0 0 0 0 0 0 0 0 0 0 0 
        0 0 0 2 0 0 0 0 0 0 0 
         0 0 0 0 0 0 0 0 0 0 0 
          0 0 0 0 0 0 0 0 0 0 0 
Joann
3315
0 0 0 0 0 0 0 0 0 0 0 
 0 0 0 0 0 0 0 0 0 0 0 
  0 0 0 0 0 0 0 0 0 0 0 
   0 0 0 0 0 0 0 0 0 0 0 
    0 0 0 0 1 0 2 0 0 0 0 
     0 0 0 0 0 0 0 0 0 0 0 
      0 0 0 1 0 0 0 0 0 0 0 
       0 0 0 0 0 1 0 0 0 0 0 
        0 0 0 2 0 0 0 0 0 0 0 
         0 0 0 0 0 0 0 0 0 0 0 
          0 0 0 0 0 0 0 0 0 0 0 
Jessica
1695
0 0 0 0 0 0 0 0 0 0 0 
 0 0 0 0 0 0 0 0 0 0 0 
  0 0 0 0 0 0 0 0 0 0 0 
   0 0 0 0 0 0 0 0 0 0 0 
    0 0 0 0 1 0 2 0 0 0 0 
     0 0 0 0 2 0 0 0 0 0 0 
      0 0 0 1 0 0 0 0 0 0 0 
       0 0 0 0 0 1 0 0 0 0 0 
        0 0 0 2 0 0 0 0 0 0 0 
         0 0 0 0 0 0 0 0 0 0 0 
          0 0 0 0 0 0 0 0 0 0 0 
Joann
4013
0 0 0 0 0 0 0 0 0 0 0 
 0 0 0 0 0 0 0 0 0 0 0 
  0 0 0 0 0 0 0 0 0 0 0 
   0 0 0 0 0 0 0 0 0 0 0 
    0 0 0 0 1 0 2 0 0 0 0 
     0 0 0 1 2 0 0 0 0 0 0 
      0 0 0 1 0 0 0 0 0 0 0 
       0 0 0 0 0 1 0 0 0 0 0 
        0 0 0 2 0 0 0 0 0 0 0 
         0 0 0 0 0 0 0 0 0 0 0 
          0 0 0 0 0 0 0 0 0 0 0 
Jessica
1979
0 0 0 0 0 0 0 0 0 0 0 
 0 0 0 0 0 0 0 0 0 0 0 
  0 0 0 0 0 0 0 0 0 0 0 
   0 0 0 0 0 0 0 0 0 0 0 
    0 0 0 0 1 0 2 0 0 0 0 
     0 0 0 1 2 0 0 0 0 0 0 
      0 0 0 1 0 0 0 0 0 0 0 
       0 0 0 0 2 1 0 0 0 0 0 
        0 0 0 2 0 0 0 0 0 0 0 
         0 0 0 0 0 0 0 0 0 0 0 
          0 0 0 0 0 0 0 0 0 0 0 
Joann
3713
0 0 0 0 0 0 0 0 0 0 0 
 0 0 0 0 0 0 0 0 0 0 0 
  0 0 0 0 0 0 0 0 0 0 0 
   0 0 0 0 0 0 0 0 0 0 0 
    0 0 0 0 1 0 2 0 0 0 0 
     0 0 0 1 2 0 0 0 0 0 0 
      0 0 0 1 0 0 0 0 0 0 0 
       0 0 0 0 2 1 0 0 0 0 0 
        0 0 1 2 0 0 0 0 0 0 0 
         0 0 0 0 0 0 0 0 0 0 0 
          0 0 0 0 0 0 0 0 0 0 0 
Jessica
760
0 0 0 0 0 0 0 0 0 0 0 
 0 0 0 0 0 0 0 0 0 0 0 
  0 0 0 0 0 0 0 0 0 0 0 
   0 0 0 0 2 0 0 0 0 0 0 
    0 0 0 0 1 0 2 0 0 0 0 
     0 0 0 1 2 0 0 0 0 0 0 
      0 0 0 1 0 0 0 0 0 0 0 
       0 0 0 0 2 1 0 0 0 0 0 
        0 0 1 2 0 0 0 0 0 0 0 
         0 0 0 0 0 0 0 0 0 0 0 
          0 0 0 0 0 0 0 0 0 0 0 
Joann
3331
0 0 0 0 0 0 0 0 0 0 0 
 0 0 0 0 0 0 0 0 0 0 0 
  0 0 0 0 0 0 0 0 0 0 0 
   0 0 0 0 2 0 0 0 0 0 0 
    0 0 0 0 1 0 2 0 0 0 0 
     0 0 0 1 2 0 0 0 0 0 0 
      0 0 0 1 0 0 0 0 0 0 0 
       0 0 0 0 2 1 0 0 0 0 0 
        0 0 1 2 0 0 0 0 0 0 0 
         0 1 0 0 0 0 0 0 0 0 0 
          0 0 0 0 0 0 0 0 0 0 0 
Jessica
1768
0 0 0 0 0 0 0 0 0 0 0 
 0 0 0 0 0 0 0 0 0 0 0 
  0 0 0 0 0 0 0 0 0 0 0 
   0 0 0 0 2 2 0 0 0 0 0 
    0 0 0 0 1 0 2 0 0 0 0 
     0 0 0 1 2 0 0 0 0 0 0 
      0 0 0 1 0 0 0 0 0 0 0 
       0 0 0 0 2 1 0 0 0 0 0 
        0 0 1 2 0 0 0 0 0 0 0 
         0 1 0 0 0 0 0 0 0 0 0 
          0 0 0 0 0 0 0 0 0 0 0 
Joann
2573
0 0 0 0 0 0 0 0 0 0 0 
 0 0 0 0 0 0 0 0 0 0 0 
  0 0 0 0 0 0 0 0 0 0 0 
   0 0 0 0 2 2 1 0 0 0 0 
    0 0 0 0 1 0 2 0 0 0 0 
     0 0 0 1 2 0 0 0 0 0 0 
      0 0 0 1 0 0 0 0 0 0 0 
       0 0 0 0 2 1 0 0 0 0 0 
        0 0 1 2 0 0 0 0 0 0 0 
         0 1 0 0 0 0 0 0 0 0 0 
          0 0 0 0 0 0 0 0 0 0 0 
Jessica
2099
0 0 0 0 0 0 0 0 0 0 0 
 0 0 0 0 0 0 0 0 0 0 0 
  0 0 0 0 0 0 0 0 0 0 0 
   0 0 0 0 2 2 1 0 0 0 0 
    0 0 0 0 1 2 2 0 0 0 0 
     0 0 0 1 2 0 0 0 0 0 0 
      0 0 0 1 0 0 0 0 0 0 0 
       0 0 0 0 2 1 0 0 0 0 0 
        0 0 1 2 0 0 0 0 0 0 0 
         0 1 0 0 0 0 0 0 0 0 0 
          0 0 0 0 0 0 0 0 0 0 0 
Joann
3510
0 0 0 0 0 0 0 0 0 0 0 
 0 0 0 0 0 0 0 0 0 0 0 
  0 0 0 0 0 0 0 0 0 0 0 
   0 0 0 1 2 2 1 0 0 0 0 
    0 0 0 0 1 2 2 0 0 0 0 
     0 0 0 1 2 0 0 0 0 0 0 
      0 0 0 1 0 0 0 0 0 0 0 
       0 0 0 0 2 1 0 0 0 0 0 
        0 0 1 2 0 0 0 0 0 0 0 
         0 1 0 0 0 0 0 0 0 0 0 
          0 0 0 0 0 0 0 0 0 0 0 
Jessica
1959
0 0 0 0 0 0 0 0 0 0 0 
 0 0 0 0 0 0 0 0 0 0 0 
  0 0 0 0 0 0 0 0 0 0 0 
   0 0 0 1 2 2 1 0 0 0 0 
    0 0 0 2 1 2 2 0 0 0 0 
     0 0 0 1 2 0 0 0 0 0 0 
      0 0 0 1 0 0 0 0 0 0 0 
       0 0 0 0 2 1 0 0 0 0 0 
        0 0 1 2 0 0 0 0 0 0 0 
         0 1 0 0 0 0 0 0 0 0 0 
          0 0 0 0 0 0 0 0 0 0 0 
Joann
3522
0 0 0 0 0 0 0 0 0 0 0 
 0 0 0 0 0 0 0 0 0 0 0 
  0 0 0 0 0 0 0 0 0 0 0 
   0 0 0 1 2 2 1 0 0 0 0 
    0 0 0 2 1 2 2 0 0 0 0 
     0 0 1 1 2 0 0 0 0 0 0 
      0 0 0 1 0 0 0 0 0 0 0 
       0 0 0 0 2 1 0 0 0 0 0 
        0 0 1 2 0 0 0 0 0 0 0 
         0 1 0 0 0 0 0 0 0 0 0 
          0 0 0 0 0 0 0 0 0 0 0 
Jessica
398
0 0 0 0 0 0 0 0 0 0 0 
 0 0 0 0 0 0 0 0 0 0 0 
  0 0 0 0 0 0 0 0 0 0 0 
   0 0 0 1 2 2 1 0 0 0 0 
    0 0 2 2 1 2 2 0 0 0 0 
     0 0 1 1 2 0 0 0 0 0 0 
      0 0 0 1 0 0 0 0 0 0 0 
       0 0 0 0 2 1 0 0 0 0 0 
        0 0 1 2 0 0 0 0 0 0 0 
         0 1 0 0 0 0 0 0 0 0 0 
          0 0 0 0 0 0 0 0 0 0 0 
Joann
3711
0 0 0 0 0 0 0 0 0 0 0 
 0 0 0 0 0 0 0 0 0 0 0 
  0 0 0 0 0 0 0 0 0 0 0 
   0 0 0 1 2 2 1 0 0 0 0 
    0 1 2 2 1 2 2 0 0 0 0 
     0 0 1 1 2 0 0 0 0 0 0 
      0 0 0 1 0 0 0 0 0 0 0 
       0 0 0 0 2 1 0 0 0 0 0 
        0 0 1 2 0 0 0 0 0 0 0 
         0 1 0 0 0 0 0 0 0 0 0 
          0 0 0 0 0 0 0 0 0 0 0 
Jessica
1947
0 0 0 0 0 0 0 0 0 0 0 
 0 0 0 0 0 0 0 0 0 0 0 
  0 0 0 0 0 0 0 0 0 0 0 
   0 0 0 1 2 2 1 0 0 0 0 
    0 1 2 2 1 2 2 0 0 0 0 
     0 2 1 1 2 0 0 0 0 0 0 
      0 0 0 1 0 0 0 0 0 0 0 
       0 0 0 0 2 1 0 0 0 0 0 
        0 0 1 2 0 0 0 0 0 0 0 
         0 1 0 0 0 0 0 0 0 0 0 
          0 0 0 0 0 0 0 0 0 0 0 
Joann
3705
0 0 0 0 0 0 0 0 0 0 0 
 0 0 0 0 0 0 0 0 0 0 0 
  0 0 0 0 0 0 0 0 0 0 0 
   0 0 1 1 2 2 1 0 0 0 0 
    0 1 2 2 1 2 2 0 0 0 0 
     0 2 1 1 2 0 0 0 0 0 0 
      0 0 0 1 0 0 0 0 0 0 0 
       0 0 0 0 2 1 0 0 0 0 0 
        0 0 1 2 0 0 0 0 0 0 0 
         0 1 0 0 0 0 0 0 0 0 0 
          0 0 0 0 0 0 0 0 0 0 0 
Jessica
1880
0 0 0 0 0 0 0 0 0 0 0 
 0 0 0 0 0 0 0 0 0 0 0 
  0 0 0 0 0 0 0 0 0 0 0 
   0 0 1 1 2 2 1 0 0 0 0 
    0 1 2 2 1 2 2 0 0 0 0 
     2 2 1 1 2 0 0 0 0 0 0 
      0 0 0 1 0 0 0 0 0 0 0 
       0 0 0 0 2 1 0 0 0 0 0 
        0 0 1 2 0 0 0 0 0 0 0 
         0 1 0 0 0 0 0 0 0 0 0 
          0 0 0 0 0 0 0 0 0 0 0 
Joann
2382
0 0 0 0 0 0 0 0 0 0 0 
 0 0 0 0 0 0 0 0 0 0 0 
  0 0 0 0 0 0 0 0 0 0 0 
   0 0 1 1 2 2 1 0 0 0 0 
    0 1 2 2 1 2 2 1 0 0 0 
     2 2 1 1 2 0 0 0 0 0 0 
      0 0 0 1 0 0 0 0 0 0 0 
       0 0 0 0 2 1 0 0 0 0 0 
        0 0 1 2 0 0 0 0 0 0 0 
         0 1 0 0 0 0 0 0 0 0 0 
          0 0 0 0 0 0 0 0 0 0 0 
Jessica
2227
0 0 0 0 0 0 0 0 0 0 0 
 0 0 0 0 0 0 0 0 0 0 0 
  0 0 0 0 0 0 0 0 0 0 0 
   0 0 1 1 2 2 1 2 0 0 0 
    0 1 2 2 1 2 2 1 0 0 0 
     2 2 1 1 2 0 0 0 0 0 0 
      0 0 0 1 0 0 0 0 0 0 0 
       0 0 0 0 2 1 0 0 0 0 0 
        0 0 1 2 0 0 0 0 0 0 0 
         0 1 0 0 0 0 0 0 0 0 0 
          0 0 0 0 0 0 0 0 0 0 0 
Joann
3833
0 0 0 0 0 0 0 0 0 0 0 
 0 0 0 0 0 0 0 0 0 0 0 
  0 0 0 0 0 0 0 0 0 0 0 
   0 0 1 1 2 2 1 2 1 0 0 
    0 1 2 2 1 2 2 1 0 0 0 
     2 2 1 1 2 0 0 0 0 0 0 
      0 0 0 1 0 0 0 0 0 0 0 
       0 0 0 0 2 1 0 0 0 0 0 
        0 0 1 2 0 0 0 0 0 0 0 
         0 1 0 0 0 0 0 0 0 0 0 
          0 0 0 0 0 0 0 0 0 0 0 
Jessica
1782
0 0 0 0 0 0 0 0 0 0 0 
 0 0 0 0 0 0 0 0 0 0 0 
  0 0 0 0 0 0 0 0 2 0 0 
   0 0 1 1 2 2 1 2 1 0 0 
    0 1 2 2 1 2 2 1 0 0 0 
     2 2 1 1 2 0 0 0 0 0 0 
      0 0 0 1 0 0 0 0 0 0 0 
       0 0 0 0 2 1 0 0 0 0 0 
        0 0 1 2 0 0 0 0 0 0 0 
         0 1 0 0 0 0 0 0 0 0 0 
          0 0 0 0 0 0 0 0 0 0 0 
Joann
4027
0 0 0 0 0 0 0 0 0 0 0 
 0 0 0 0 0 0 0 0 0 0 0 
  0 0 0 0 0 0 0 0 2 1 0 
   0 0 1 1 2 2 1 2 1 0 0 
    0 1 2 2 1 2 2 1 0 0 0 
     2 2 1 1 2 0 0 0 0 0 0 
      0 0 0 1 0 0 0 0 0 0 0 
       0 0 0 0 2 1 0 0 0 0 0 
        0 0 1 2 0 0 0 0 0 0 0 
         0 1 0 0 0 0 0 0 0 0 0 
          0 0 0 0 0 0 0 0 0 0 0 
Jessica
1562
0 0 0 0 0 0 0 0 0 0 0 
 0 0 0 0 0 0 0 0 0 2 0 
  0 0 0 0 0 0 0 0 2 1 0 
   0 0 1 1 2 2 1 2 1 0 0 
    0 1 2 2 1 2 2 1 0 0 0 
     2 2 1 1 2 0 0 0 0 0 0 
      0 0 0 1 0 0 0 0 0 0 0 
       0 0 0 0 2 1 0 0 0 0 0 
        0 0 1 2 0 0 0 0 0 0 0 
         0 1 0 0 0 0 0 0 0 0 0 
          0 0 0 0 0 0 0 0 0 0 0 
Joann
3630
0 0 0 0 0 0 0 0 0 0 0 
 0 0 0 0 0 0 0 0 0 2 1 
  0 0 0 0 0 0 0 0 2 1 0 
   0 0 1 1 2 2 1 2 1 0 0 
    0 1 2 2 1 2 2 1 0 0 0 
     2 2 1 1 2 0 0 0 0 0 0 
      0 0 0 1 0 0 0 0 0 0 0 
       0 0 0 0 2 1 0 0 0 0 0 
        0 0 1 2 0 0 0 0 0 0 0 
         0 1 0 0 0 0 0 0 0 0 0 
          0 0 0 0 0 0 0 0 0 0 0 
Jessica
520346
0 0 0 0 0 0 0 0 0 0 2 
 0 0 0 0 0 0 0 0 0 2 1 
  0 0 0 0 0 0 0 0 2 1 0 
   0 0 1 1 2 2 1 2 1 0 0 
    0 1 2 2 1 2 2 1 0 0 0 
     2 2 1 1 2 0 0 0 0 0 0 
      0 0 0 1 0 0 0 0 0 0 0 
       0 0 0 0 2 1 0 0 0 0 0 
        0 0 1 2 0 0 0 0 0 0 0 
         0 1 0 0 0 0 0 0 0 0 0 
          0 0 0 0 0 0 0 0 0 0 0 
Winner: Jessica
0 0 0 0 0 0 0 0 0 0 0 
 0 0 0 0 0 0 0 0 0 0 0 
  0 0 0 0 0 0 0 0 0 0 0 
   0 0 0 0 0 0 0 0 0 0 0 
    0 0 0 0 0 0 0 0 0 0 0 
     0 0 0 0 0 0 0 0 0 0 0 
      0 0 0 0 0 0 0 0 0 0 0 
       0 0 0 0 0 0 0 0 0 0 0 
        0 0 0 0 0 0 0 0 0 0 0 
         0 0 0 0 0 0 0 0 0 0 0 
          0 0 0 0 0 0 0 0 0 0 0 
Joann
2813
0 0 0 0 0 0 0 0 0 0 0 
 0 0 0 0 0 0 0 0 0 0 0 
  0 0 0 0 0 0 0 0 0 0 0 
   0 0 0 0 0 0 0 0 0 0 0 
    0 0 0 0 0 0 0 0 0 0 0 
     0 0 0 0 1 0 0 0 0 0 0 
      0 0 0 0 0 0 0 0 0 0 0 
       0 0 0 0 0 0 0 0 0 0 0 
        0 0 0 0 0 0 0 0 0 0 0 
         0 0 0 0 0 0 0 0 0 0 0 
          0 0 0 0 0 0 0 0 0 0 0 
Jessica
1851
0 0 0 0 0 0 0 0 0 0 0 
 0 0 0 0 0 0 0 0 0 0 0 
  0 0 0 0 0 0 0 0 0 0 0 
   0 0 0 0 2 0 0 0 0 0 0 
    0 0 0 0 0 0 0 0 0 0 0 
     0 0 0 0 1 0 0 0 0 0 0 
      0 0 0 0 0 0 0 0 0 0 0 
       0 0 0 0 0 0 0 0 0 0 0 
        0 0 0 0 0 0 0 0 0 0 0 
         0 0 0 0 0 0 0 0 0 0 0 
          0 0 0 0 0 0 0 0 0 0 0 
Joann
4005
0 0 0 0 0 0 0 0 0 0 0 
 0 0 0 0 0 0 0 0 0 0 0 
  0 0 0 0 0 0 0 0 0 0 0 
   0 0 0 0 2 0 0 0 0 0 0 
    0 0 0 0 0 0 0 0 0 0 0 
     0 0 0 0 1 0 0 0 0 0 0 
      0 0 0 0 1 0 0 0 0 0 0 
       0 0 0 0 0 0 0 0 0 0 0 
        0 0 0 0 0 0 0 0 0 0 0 
         0 0 0 0 0 0 0 0 0 0 0 
          0 0 0 0 0 0 0 0 0 0 0 
Jessica
1614
0 0 0 0 0 0 0 0 0 0 0 
 0 0 0 0 0 0 0 0 0 0 0 
  0 0 0 0 0 2 0 0 0 0 0 
   0 0 0 0 2 0 0 0 0 0 0 
    0 0 0 0 0 0 0 0 0 0 0 
     0 0 0 0 1 0 0 0 0 0 0 
      0 0 0 0 1 0 0 0 0 0 0 
       0 0 0 0 0 0 0 0 0 0 0 
        0 0 0 0 0 0 0 0 0 0 0 
         0 0 0 0 0 0 0 0 0 0 0 
          0 0 0 0 0 0 0 0 0 0 0 
Joann
3889
0 0 0 0 0 0 0 0 0 0 0 
 0 0 0 0 0 0 0 0 0 0 0 
  0 0 0 0 0 2 0 0 0 0 0 
   0 0 0 0 2 0 0 0 0 0 0 
    0 0 0 0 0 0 0 0 0 0 0 
     0 0 0 1 1 0 0 0 0 0 0 
      0 0 0 0 1 0 0 0 0 0 0 
       0 0 0 0 0 0 0 0 0 0 0 
        0 0 0 0 0 0 0 0 0 0 0 
         0 0 0 0 0 0 0 0 0 0 0 
          0 0 0 0 0 0 0 0 0 0 0 
Jessica
1697
0 0 0 0 0 0 0 0 0 0 0 
 0 0 0 0 0 0 0 0 0 0 0 
  0 0 0 0 0 2 0 0 0 0 0 
   0 0 0 0 2 0 0 0 0 0 0 
    0 0 0 2 0 0 0 0 0 0 0 
     0 0 0 1 1 0 0 0 0 0 0 
      0 0 0 0 1 0 0 0 0 0 0 
       0 0 0 0 0 0 0 0 0 0 0 
        0 0 0 0 0 0 0 0 0 0 0 
         0 0 0 0 0 0 0 0 0 0 0 
          0 0 0 0 0 0 0 0 0 0 0 
Joann
3292
0 0 0 0 0 0 0 0 0 0 0 
 0 0 0 0 0 0 0 0 0 0 0 
  0 0 0 0 0 2 0 0 0 0 0 
   0 0 0 0 2 0 0 0 0 0 0 
    0 0 0 2 0 0 0 0 0 0 0 
     0 0 1 1 1 0 0 0 0 0 0 
      0 0 0 0 1 0 0 0 0 0 0 
       0 0 0 0 0 0 0 0 0 0 0 
        0 0 0 0 0 0 0 0 0 0 0 
         0 0 0 0 0 0 0 0 0 0 0 
          0 0 0 0 0 0 0 0 0 0 0 
Jessica
1951
0 0 0 0 0 0 0 0 0 0 0 
 0 0 0 0 0 0 0 0 0 0 0 
  0 0 0 0 0 2 0 0 0 0 0 
   0 0 0 0 2 0 0 0 0 0 0 
    0 0 2 2 0 0 0 0 0 0 0 
     0 0 1 1 1 0 0 0 0 0 0 
      0 0 0 0 1 0 0 0 0 0 0 
       0 0 0 0 0 0 0 0 0 0 0 
        0 0 0 0 0 0 0 0 0 0 0 
         0 0 0 0 0 0 0 0 0 0 0 
          0 0 0 0 0 0 0 0 0 0 0 
Joann
3186
0 0 0 0 0 0 0 0 0 0 0 
 0 0 0 0 0 0 0 0 0 0 0 
  0 0 0 0 0 2 0 0 0 0 0 
   0 0 0 0 2 0 0 0 0 0 0 
    0 0 2 2 0 0 0 0 0 0 0 
     0 1 1 1 1 0 0 0 0 0 0 
      0 0 0 0 1 0 0 0 0 0 0 
       0 0 0 0 0 0 0 0 0 0 0 
        0 0 0 0 0 0 0 0 0 0 0 
         0 0 0 0 0 0 0 0 0 0 0 
          0 0 0 0 0 0 0 0 0 0 0 
Jessica
1556
0 0 0 0 0 0 0 0 0 0 0 
 0 0 0 0 0 0 0 0 0 0 0 
  0 0 0 0 0 2 0 0 0 0 0 
   0 0 0 0 2 0 0 0 0 0 0 
    0 2 2 2 0 0 0 0 0 0 0 
     0 1 1 1 1 0 0 0 0 0 0 
      0 0 0 0 1 0 0 0 0 0 0 
       0 0 0 0 0 0 0 0 0 0 0 
        0 0 0 0 0 0 0 0 0 0 0 
         0 0 0 0 0 0 0 0 0 0 0 
          0 0 0 0 0 0 0 0 0 0 0 
Joann
3473
0 0 0 0 0 0 0 0 0 0 0 
 0 0 0 0 0 0 0 0 0 0 0 
  0 0 0 0 0 2 0 0 0 0 0 
   0 0 0 0 2 0 0 0 0 0 0 
    0 2 2 2 0 0 0 0 0 0 0 
     1 1 1 1 1 0 0 0 0 0 0 
      0 0 0 0 1 0 0 0 0 0 0 
       0 0 0 0 0 0 0 0 0 0 0 
        0 0 0 0 0 0 0 0 0 0 0 
         0 0 0 0 0 0 0 0 0 0 0 
          0 0 0 0 0 0 0 0 0 0 0 
Jessica
1653
0 0 0 0 0 0 0 0 0 0 0 
 0 0 0 0 0 0 0 0 0 0 0 
  0 0 0 0 0 2 0 0 0 0 0 
   0 0 0 0 2 0 0 0 0 0 0 
    2 2 2 2 0 0 0 0 0 0 0 
     1 1 1 1 1 0 0 0 0 0 0 
      0 0 0 0 1 0 0 0 0 0 0 
       0 0 0 0 0 0 0 0 0 0 0 
        0 0 0 0 0 0 0 0 0 0 0 
         0 0 0 0 0 0 0 0 0 0 0 
          0 0 0 0 0 0 0 0 0 0 0 
Joann
2340
0 0 0 0 0 0 0 0 0 0 0 
 0 0 0 0 0 0 0 0 0 0 0 
  0 0 0 0 0 2 1 0 0 0 0 
   0 0 0 0 2 0 0 0 0 0 0 
    2 2 2 2 0 0 0 0 0 0 0 
     1 1 1 1 1 0 0 0 0 0 0 
      0 0 0 0 1 0 0 0 0 0 0 
       0 0 0 0 0 0 0 0 0 0 0 
        0 0 0 0 0 0 0 0 0 0 0 
         0 0 0 0 0 0 0 0 0 0 0 
          0 0 0 0 0 0 0 0 0 0 0 
Jessica
1812
0 0 0 0 0 0 0 0 0 0 0 
 0 0 0 0 0 0 0 0 0 0 0 
  0 0 0 0 0 2 1 0 0 0 0 
   0 0 0 0 2 0 0 0 0 0 0 
    2 2 2 2 0 2 0 0 0 0 0 
     1 1 1 1 1 0 0 0 0 0 0 
      0 0 0 0 1 0 0 0 0 0 0 
       0 0 0 0 0 0 0 0 0 0 0 
        0 0 0 0 0 0 0 0 0 0 0 
         0 0 0 0 0 0 0 0 0 0 0 
          0 0 0 0 0 0 0 0 0 0 0 
Joann
2938
0 0 0 0 0 0 0 0 0 0 0 
 0 0 0 0 0 0 0 0 0 0 0 
  0 0 0 0 0 2 1 0 0 0 0 
   0 0 0 0 2 1 0 0 0 0 0 
    2 2 2 2 0 2 0 0 0 0 0 
     1 1 1 1 1 0 0 0 0 0 0 
      0 0 0 0 1 0 0 0 0 0 0 
       0 0 0 0 0 0 0 0 0 0 0 
        0 0 0 0 0 0 0 0 0 0 0 
         0 0 0 0 0 0 0 0 0 0 0 
          0 0 0 0 0 0 0 0 0 0 0 
Jessica
1841
0 0 0 0 0 0 0 0 0 0 0 
 0 0 0 0 0 0 0 0 0 0 0 
  0 0 0 0 0 2 1 0 0 0 0 
   0 0 0 0 2 1 0 0 0 0 0 
    2 2 2 2 2 2 0 0 0 0 0 
     1 1 1 1 1 0 0 0 0 0 0 
      0 0 0 0 1 0 0 0 0 0 0 
       0 0 0 0 0 0 0 0 0 0 0 
        0 0 0 0 0 0 0 0 0 0 0 
         0 0 0 0 0 0 0 0 0 0 0 
          0 0 0 0 0 0 0 0 0 0 0 
Joann
3531
0 0 0 0 0 0 0 0 0 0 0 
 0 0 0 0 0 0 0 0 0 0 0 
  0 0 0 0 0 2 1 0 0 0 0 
   0 0 0 0 2 1 0 0 0 0 0 
    2 2 2 2 2 2 1 0 0 0 0 
     1 1 1 1 1 0 0 0 0 0 0 
      0 0 0 0 1 0 0 0 0 0 0 
       0 0 0 0 0 0 0 0 0 0 0 
        0 0 0 0 0 0 0 0 0 0 0 
         0 0 0 0 0 0 0 0 0 0 0 
          0 0 0 0 0 0 0 0 0 0 0 
Jessica
1354
0 0 0 0 0 0 0 0 0 0 0 
 0 0 0 0 0 0 0 0 0 0 0 
  0 0 0 0 0 2 1 0 0 0 0 
   0 0 0 0 2 1 2 0 0 0 0 
    2 2 2 2 2 2 1 0 0 0 0 
     1 1 1 1 1 0 0 0 0 0 0 
      0 0 0 0 1 0 0 0 0 0 0 
       0 0 0 0 0 0 0 0 0 0 0 
        0 0 0 0 0 0 0 0 0 0 0 
         0 0 0 0 0 0 0 0 0 0 0 
          0 0 0 0 0 0 0 0 0 0 0 
Joann
3513
0 0 0 0 0 0 0 0 0 0 0 
 0 0 0 0 0 0 0 0 0 0 0 
  0 0 0 0 0 2 1 0 0 0 0 
   0 0 0 0 2 1 2 0 0 0 0 
    2 2 2 2 2 2 1 0 0 0 0 
     1 1 1 1 1 1 0 0 0 0 0 
      0 0 0 0 1 0 0 0 0 0 0 
       0 0 0 0 0 0 0 0 0 0 0 
        0 0 0 0 0 0 0 0 0 0 0 
         0 0 0 0 0 0 0 0 0 0 0 
          0 0 0 0 0 0 0 0 0 0 0 
Jessica
1713
0 0 0 0 0 0 0 0 0 0 0 
 0 0 0 0 0 0 0 0 0 0 0 
  0 0 0 0 0 2 1 0 0 0 0 
   0 0 0 0 2 1 2 2 0 0 0 
    2 2 2 2 2 2 1 0 0 0 0 
     1 1 1 1 1 1 0 0 0 0 0 
      0 0 0 0 1 0 0 0 0 0 0 
       0 0 0 0 0 0 0 0 0 0 0 
        0 0 0 0 0 0 0 0 0 0 0 
         0 0 0 0 0 0 0 0 0 0 0 
          0 0 0 0 0 0 0 0 0 0 0 
Joann
2417
0 0 0 0 0 0 0 0 0 0 0 
 0 0 0 0 0 0 0 0 0 0 0 
  0 0 0 0 0 2 1 0 0 0 0 
   0 0 0 0 2 1 2 2 1 0 0 
    2 2 2 2 2 2 1 0 0 0 0 
     1 1 1 1 1 1 0 0 0 0 0 
      0 0 0 0 1 0 0 0 0 0 0 
       0 0 0 0 0 0 0 0 0 0 0 
        0 0 0 0 0 0 0 0 0 0 0 
         0 0 0 0 0 0 0 0 0 0 0 
          0 0 0 0 0 0 0 0 0 0 0 
Jessica
2036
0 0 0 0 0 0 0 0 0 0 0 
 0 0 0 0 0 0 0 0 0 0 0 
  0 0 0 0 0 2 1 0 0 0 0 
   0 0 0 0 2 1 2 2 1 0 0 
    2 2 2 2 2 2 1 2 0 0 0 
     1 1 1 1 1 1 0 0 0 0 0 
      0 0 0 0 1 0 0 0 0 0 0 
       0 0 0 0 0 0 0 0 0 0 0 
        0 0 0 0 0 0 0 0 0 0 0 
         0 0 0 0 0 0 0 0 0 0 0 
          0 0 0 0 0 0 0 0 0 0 0 
Joann
3587
0 0 0 0 0 0 0 0 0 0 0 
 0 0 0 0 0 0 0 0 0 0 0 
  0 0 0 0 0 2 1 0 0 0 0 
   0 0 0 0 2 1 2 2 1 0 0 
    2 2 2 2 2 2 1 2 1 0 0 
     1 1 1 1 1 1 0 0 0 0 0 
      0 0 0 0 1 0 0 0 0 0 0 
       0 0 0 0 0 0 0 0 0 0 0 
        0 0 0 0 0 0 0 0 0 0 0 
         0 0 0 0 0 0 0 0 0 0 0 
          0 0 0 0 0 0 0 0 0 0 0 
Jessica
1724
0 0 0 0 0 0 0 0 0 0 0 
 0 0 0 0 0 0 0 0 0 0 0 
  0 0 0 0 0 2 1 0 2 0 0 
   0 0 0 0 2 1 2 2 1 0 0 
    2 2 2 2 2 2 1 2 1 0 0 
     1 1 1 1 1 1 0 0 0 0 0 
      0 0 0 0 1 0 0 0 0 0 0 
       0 0 0 0 0 0 0 0 0 0 0 
        0 0 0 0 0 0 0 0 0 0 0 
         0 0 0 0 0 0 0 0 0 0 0 
          0 0 0 0 0 0 0 0 0 0 0 
Joann
3977
0 0 0 0 0 0 0 0 0 0 0 
 0 0 0 0 0 0 0 0 0 0 0 
  0 0 0 0 0 2 1 0 2 1 0 
   0 0 0 0 2 1 2 2 1 0 0 
    2 2 2 2 2 2 1 2 1 0 0 
     1 1 1 1 1 1 0 0 0 0 0 
      0 0 0 0 1 0 0 0 0 0 0 
       0 0 0 0 0 0 0 0 0 0 0 
        0 0 0 0 0 0 0 0 0 0 0 
         0 0 0 0 0 0 0 0 0 0 0 
          0 0 0 0 0 0 0 0 0 0 0 
Jessica
1513
0 0 0 0 0 0 0 0 0 0 0 
 0 0 0 0 0 0 0 0 0 2 0 
  0 0 0 0 0 2 1 0 2 1 0 
   0 0 0 0 2 1 2 2 1 0 0 
    2 2 2 2 2 2 1 2 1 0 0 
     1 1 1 1 1 1 0 0 0 0 0 
      0 0 0 0 1 0 0 0 0 0 0 
       0 0 0 0 0 0 0 0 0 0 0 
        0 0 0 0 0 0 0 0 0 0 0 
         0 0 0 0 0 0 0 0 0 0 0 
          0 0 0 0 0 0 0 0 0 0 0 
Joann
2052
0 0 0 0 0 0 0 0 0 0 0 
 0 0 0 0 0 0 0 0 0 2 1 
  0 0 0 0 0 2 1 0 2 1 0 
   0 0 0 0 2 1 2 2 1 0 0 
    2 2 2 2 2 2 1 2 1 0 0 
     1 1 1 1 1 1 0 0 0 0 0 
      0 0 0 0 1 0 0 0 0 0 0 
       0 0 0 0 0 0 0 0 0 0 0 
        0 0 0 0 0 0 0 0 0 0 0 
         0 0 0 0 0 0 0 0 0 0 0 
          0 0 0 0 0 0 0 0 0 0 0 
Jessica
543718
0 0 0 0 0 0 0 0 0 0 2 
 0 0 0 0 0 0 0 0 0 2 1 
  0 0 0 0 0 2 1 0 2 1 0 
   0 0 0 0 2 1 2 2 1 0 0 
    2 2 2 2 2 2 1 2 1 0 0 
     1 1 1 1 1 1 0 0 0 0 0 
      0 0 0 0 1 0 0 0 0 0 0 
       0 0 0 0 0 0 0 0 0 0 0 
        0 0 0 0 0 0 0 0 0 0 0 
         0 0 0 0 0 0 0 0 0 0 0 
          0 0 0 0 0 0 0 0 0 0 0 
Winner: Jessica
0 0 0 0 0 0 0 0 0 0 0 
 0 0 0 0 0 0 0 0 0 0 0 
  0 0 0 0 0 0 0 0 0 0 0 
   0 0 0 0 0 0 0 0 0 0 0 
    0 0 0 0 0 0 0 0 0 0 0 
     0 0 0 0 0 0 0 0 0 0 0 
      0 0 0 0 0 0 0 0 0 0 0 
       0 0 0 0 0 0 0 0 0 0 0 
        0 0 0 0 0 0 0 0 0 0 0 
         0 0 0 0 0 0 0 0 0 0 0 
          0 0 0 0 0 0 0 0 0 0 0 
Joann
2324
0 0 0 0 0 0 0 0 0 0 0 
 0 0 0 0 0 0 0 0 0 0 0 
  0 0 0 0 0 0 0 0 0 0 0 
   0 0 0 0 0 0 0 0 0 0 0 
    0 0 0 0 1 0 0 0 0 0 0 
     0 0 0 0 0 0 0 0 0 0 0 
      0 0 0 0 0 0 0 0 0 0 0 
       0 0 0 0 0 0 0 0 0 0 0 
        0 0 0 0 0 0 0 0 0 0 0 
         0 0 0 0 0 0 0 0 0 0 0 
          0 0 0 0 0 0 0 0 0 0 0 
Jessica
1766
0 0 0 0 0 0 0 0 0 0 0 
 0 0 0 0 0 0 0 0 0 0 0 
  0 0 0 0 0 0 0 0 0 0 0 
   0 0 0 0 0 0 0 2 0 0 0 
    0 0 0 0 1 0 0 0 0 0 0 
     0 0 0 0 0 0 0 0 0 0 0 
      0 0 0 0 0 0 0 0 0 0 0 
       0 0 0 0 0 0 0 0 0 0 0 
        0 0 0 0 0 0 0 0 0 0 0 
         0 0 0 0 0 0 0 0 0 0 0 
          0 0 0 0 0 0 0 0 0 0 0 
Joann
4069
0 0 0 0 0 0 0 0 0 0 0 
 0 0 0 0 0 0 0 0 0 0 0 
  0 0 0 0 0 0 0 0 0 0 0 
   0 0 0 0 0 0 0 2 0 0 0 
    0 0 0 0 1 0 0 1 0 0 0 
     0 0 0 0 0 0 0 0 0 0 0 
      0 0 0 0 0 0 0 0 0 0 0 
       0 0 0 0 0 0 0 0 0 0 0 
        0 0 0 0 0 0 0 0 0 0 0 
         0 0 0 0 0 0 0 0 0 0 0 
          0 0 0 0 0 0 0 0 0 0 0 
Jessica
2001
0 0 0 0 0 0 0 0 0 0 0 
 0 0 0 0 0 0 0 0 0 0 0 
  0 0 0 0 0 0 0 0 0 0 0 
   0 0 0 0 0 0 0 2 0 0 0 
    0 0 0 2 1 0 0 1 0 0 0 
     0 0 0 0 0 0 0 0 0 0 0 
      0 0 0 0 0 0 0 0 0 0 0 
       0 0 0 0 0 0 0 0 0 0 0 
        0 0 0 0 0 0 0 0 0 0 0 
         0 0 0 0 0 0 0 0 0 0 0 
          0 0 0 0 0 0 0 0 0 0 0 
Joann
3329
0 0 0 0 0 0 0 0 0 0 0 
 0 0 0 0 0 0 0 0 0 0 0 
  0 0 0 0 0 0 0 0 0 0 0 
   0 0 0 0 0 0 0 2 1 0 0 
    0 0 0 2 1 0 0 1 0 0 0 
     0 0 0 0 0 0 0 0 0 0 0 
      0 0 0 0 0 0 0 0 0 0 0 
       0 0 0 0 0 0 0 0 0 0 0 
        0 0 0 0 0 0 0 0 0 0 0 
         0 0 0 0 0 0 0 0 0 0 0 
          0 0 0 0 0 0 0 0 0 0 0 
Jessica
1621
0 0 0 0 0 0 0 0 0 0 0 
 0 0 0 0 0 0 0 0 0 2 0 
  0 0 0 0 0 0 0 0 0 0 0 
   0 0 0 0 0 0 0 2 1 0 0 
    0 0 0 2 1 0 0 1 0 0 0 
     0 0 0 0 0 0 0 0 0 0 0 
      0 0 0 0 0 0 0 0 0 0 0 
       0 0 0 0 0 0 0 0 0 0 0 
        0 0 0 0 0 0 0 0 0 0 0 
         0 0 0 0 0 0 0 0 0 0 0 
          0 0 0 0 0 0 0 0 0 0 0 
Joann
4037
0 0 0 0 0 0 0 0 0 0 0 
 0 0 0 0 0 0 0 0 0 2 0 
  0 0 0 0 0 0 0 0 0 0 0 
   0 0 0 0 0 0 0 2 1 0 0 
    0 0 0 2 1 0 0 1 0 0 0 
     0 0 0 0 0 0 0 0 0 0 0 
      0 0 0 0 0 1 0 0 0 0 0 
       0 0 0 0 0 0 0 0 0 0 0 
        0 0 0 0 0 0 0 0 0 0 0 
         0 0 0 0 0 0 0 0 0 0 0 
          0 0 0 0 0 0 0 0 0 0 0 
Jessica
1949
0 0 0 0 0 0 0 0 0 0 0 
 0 0 0 0 0 0 0 0 0 2 0 
  0 0 0 0 0 0 0 0 2 0 0 
   0 0 0 0 0 0 0 2 1 0 0 
    0 0 0 2 1 0 0 1 0 0 0 
     0 0 0 0 0 0 0 0 0 0 0 
      0 0 0 0 0 1 0 0 0 0 0 
       0 0 0 0 0 0 0 0 0 0 0 
        0 0 0 0 0 0 0 0 0 0 0 
         0 0 0 0 0 0 0 0 0 0 0 
          0 0 0 0 0 0 0 0 0 0 0 
Joann
2771
0 0 0 0 0 0 0 0 0 0 0 
 0 0 0 0 0 0 0 0 0 2 0 
  0 0 0 0 0 0 0 0 2 0 0 
   0 0 0 0 0 0 0 2 1 0 0 
    0 0 0 2 1 0 0 1 0 0 0 
     0 0 0 0 1 0 0 0 0 0 0 
      0 0 0 0 0 1 0 0 0 0 0 
       0 0 0 0 0 0 0 0 0 0 0 
        0 0 0 0 0 0 0 0 0 0 0 
         0 0 0 0 0 0 0 0 0 0 0 
          0 0 0 0 0 0 0 0 0 0 0 
Jessica
1073
0 0 0 0 0 0 0 0 0 0 0 
 0 0 0 0 0 0 0 0 0 2 0 
  0 0 0 0 0 0 0 0 2 0 0 
   0 0 0 0 0 2 0 2 1 0 0 
    0 0 0 2 1 0 0 1 0 0 0 
     0 0 0 0 1 0 0 0 0 0 0 
      0 0 0 0 0 1 0 0 0 0 0 
       0 0 0 0 0 0 0 0 0 0 0 
        0 0 0 0 0 0 0 0 0 0 0 
         0 0 0 0 0 0 0 0 0 0 0 
          0 0 0 0 0 0 0 0 0 0 0 
Joann
3850
0 0 0 0 0 0 0 0 0 0 0 
 0 0 0 0 0 0 0 0 0 2 0 
  0 0 0 0 0 0 0 0 2 0 0 
   0 0 0 0 1 2 0 2 1 0 0 
    0 0 0 2 1 0 0 1 0 0 0 
     0 0 0 0 1 0 0 0 0 0 0 
      0 0 0 0 0 1 0 0 0 0 0 
       0 0 0 0 0 0 0 0 0 0 0 
        0 0 0 0 0 0 0 0 0 0 0 
         0 0 0 0 0 0 0 0 0 0 0 
          0 0 0 0 0 0 0 0 0 0 0 
Jessica
1765
0 0 0 0 0 0 0 0 0 0 0 
 0 0 0 0 0 0 0 0 0 2 0 
  0 0 0 0 2 0 0 0 2 0 0 
   0 0 0 0 1 2 0 2 1 0 0 
    0 0 0 2 1 0 0 1 0 0 0 
     0 0 0 0 1 0 0 0 0 0 0 
      0 0 0 0 0 1 0 0 0 0 0 
       0 0 0 0 0 0 0 0 0 0 0 
        0 0 0 0 0 0 0 0 0 0 0 
         0 0 0 0 0 0 0 0 0 0 0 
          0 0 0 0 0 0 0 0 0 0 0 
Joann
4146
0 0 0 0 0 0 0 0 0 0 0 
 0 0 0 0 0 0 0 0 0 2 0 
  0 0 0 0 2 0 0 0 2 0 0 
   0 0 0 0 1 2 0 2 1 0 0 
    0 0 0 2 1 0 0 1 0 0 0 
     0 0 0 0 1 1 0 0 0 0 0 
      0 0 0 0 0 1 0 0 0 0 0 
       0 0 0 0 0 0 0 0 0 0 0 
        0 0 0 0 0 0 0 0 0 0 0 
         0 0 0 0 0 0 0 0 0 0 0 
          0 0 0 0 0 0 0 0 0 0 0 
Jessica
1624
0 0 0 0 0 0 0 0 0 0 0 
 0 0 0 0 0 0 0 0 0 2 0 
  0 0 0 0 2 2 0 0 2 0 0 
   0 0 0 0 1 2 0 2 1 0 0 
    0 0 0 2 1 0 0 1 0 0 0 
     0 0 0 0 1 1 0 0 0 0 0 
      0 0 0 0 0 1 0 0 0 0 0 
       0 0 0 0 0 0 0 0 0 0 0 
        0 0 0 0 0 0 0 0 0 0 0 
         0 0 0 0 0 0 0 0 0 0 0 
          0 0 0 0 0 0 0 0 0 0 0 
Joann
4042
0 0 0 0 0 0 0 0 0 0 0 
 0 0 0 0 0 0 0 0 0 2 0 
  0 0 0 0 2 2 0 0 2 0 0 
   0 0 0 1 1 2 0 2 1 0 0 
    0 0 0 2 1 0 0 1 0 0 0 
     0 0 0 0 1 1 0 0 0 0 0 
      0 0 0 0 0 1 0 0 0 0 0 
       0 0 0 0 0 0 0 0 0 0 0 
        0 0 0 0 0 0 0 0 0 0 0 
         0 0 0 0 0 0 0 0 0 0 0 
          0 0 0 0 0 0 0 0 0 0 0 
Jessica
1053
0 0 0 0 0 0 0 0 0 0 0 
 0 0 0 0 0 0 0 0 0 2 0 
  0 0 0 2 2 2 0 0 2 0 0 
   0 0 0 1 1 2 0 2 1 0 0 
    0 0 0 2 1 0 0 1 0 0 0 
     0 0 0 0 1 1 0 0 0 0 0 
      0 0 0 0 0 1 0 0 0 0 0 
       0 0 0 0 0 0 0 0 0 0 0 
        0 0 0 0 0 0 0 0 0 0 0 
         0 0 0 0 0 0 0 0 0 0 0 
          0 0 0 0 0 0 0 0 0 0 0 
Joann
3632
0 0 0 0 0 0 0 0 0 0 0 
 0 0 0 0 0 0 0 0 0 2 0 
  0 0 1 2 2 2 0 0 2 0 0 
   0 0 0 1 1 2 0 2 1 0 0 
    0 0 0 2 1 0 0 1 0 0 0 
     0 0 0 0 1 1 0 0 0 0 0 
      0 0 0 0 0 1 0 0 0 0 0 
       0 0 0 0 0 0 0 0 0 0 0 
        0 0 0 0 0 0 0 0 0 0 0 
         0 0 0 0 0 0 0 0 0 0 0 
          0 0 0 0 0 0 0 0 0 0 0 
Jessica
1991
0 0 0 0 0 0 0 0 0 0 0 
 0 0 0 0 0 0 0 0 0 2 0 
  0 0 1 2 2 2 0 0 2 0 0 
   0 0 2 1 1 2 0 2 1 0 0 
    0 0 0 2 1 0 0 1 0 0 0 
     0 0 0 0 1 1 0 0 0 0 0 
      0 0 0 0 0 1 0 0 0 0 0 
       0 0 0 0 0 0 0 0 0 0 0 
        0 0 0 0 0 0 0 0 0 0 0 
         0 0 0 0 0 0 0 0 0 0 0 
          0 0 0 0 0 0 0 0 0 0 0 
Joann
4193
0 0 0 0 0 0 0 0 0 0 0 
 0 0 0 0 0 0 0 0 0 2 0 
  0 0 1 2 2 2 0 0 2 0 0 
   0 0 2 1 1 2 1 2 1 0 0 
    0 0 0 2 1 0 0 1 0 0 0 
     0 0 0 0 1 1 0 0 0 0 0 
      0 0 0 0 0 1 0 0 0 0 0 
       0 0 0 0 0 0 0 0 0 0 0 
        0 0 0 0 0 0 0 0 0 0 0 
         0 0 0 0 0 0 0 0 0 0 0 
          0 0 0 0 0 0 0 0 0 0 0 
Jessica
2280
0 0 0 0 0 0 0 0 0 0 0 
 0 0 0 0 0 0 0 0 0 2 0 
  0 0 1 2 2 2 0 0 2 0 0 
   0 0 2 1 1 2 1 2 1 0 0 
    0 0 2 2 1 0 0 1 0 0 0 
     0 0 0 0 1 1 0 0 0 0 0 
      0 0 0 0 0 1 0 0 0 0 0 
       0 0 0 0 0 0 0 0 0 0 0 
        0 0 0 0 0 0 0 0 0 0 0 
         0 0 0 0 0 0 0 0 0 0 0 
          0 0 0 0 0 0 0 0 0 0 0 
Joann
3691
0 0 0 0 0 0 0 0 0 0 0 
 0 0 0 0 0 0 0 0 0 2 0 
  0 0 1 2 2 2 0 0 2 0 0 
   0 0 2 1 1 2 1 2 1 0 0 
    0 0 2 2 1 1 0 1 0 0 0 
     0 0 0 0 1 1 0 0 0 0 0 
      0 0 0 0 0 1 0 0 0 0 0 
       0 0 0 0 0 0 0 0 0 0 0 
        0 0 0 0 0 0 0 0 0 0 0 
         0 0 0 0 0 0 0 0 0 0 0 
          0 0 0 0 0 0 0 0 0 0 0 
Jessica
1739
0 0 0 0 0 0 0 0 0 0 0 
 0 0 0 0 0 0 0 0 0 2 0 
  0 0 1 2 2 2 0 2 2 0 0 
   0 0 2 1 1 2 1 2 1 0 0 
    0 0 2 2 1 1 0 1 0 0 0 
     0 0 0 0 1 1 0 0 0 0 0 
      0 0 0 0 0 1 0 0 0 0 0 
       0 0 0 0 0 0 0 0 0 0 0 
        0 0 0 0 0 0 0 0 0 0 0 
         0 0 0 0 0 0 0 0 0 0 0 
          0 0 0 0 0 0 0 0 0 0 0 
Joann
4172
0 0 0 0 0 0 0 0 0 0 0 
 0 0 0 0 0 0 0 0 0 2 0 
  0 0 1 2 2 2 0 2 2 0 0 
   0 0 2 1 1 2 1 2 1 0 0 
    0 0 2 2 1 1 1 1 0 0 0 
     0 0 0 0 1 1 0 0 0 0 0 
      0 0 0 0 0 1 0 0 0 0 0 
       0 0 0 0 0 0 0 0 0 0 0 
        0 0 0 0 0 0 0 0 0 0 0 
         0 0 0 0 0 0 0 0 0 0 0 
          0 0 0 0 0 0 0 0 0 0 0 
Jessica
1833
0 0 0 0 0 0 0 0 0 0 0 
 0 0 0 0 0 0 0 0 0 2 0 
  0 0 1 2 2 2 2 2 2 0 0 
   0 0 2 1 1 2 1 2 1 0 0 
    0 0 2 2 1 1 1 1 0 0 0 
     0 0 0 0 1 1 0 0 0 0 0 
      0 0 0 0 0 1 0 0 0 0 0 
       0 0 0 0 0 0 0 0 0 0 0 
        0 0 0 0 0 0 0 0 0 0 0 
         0 0 0 0 0 0 0 0 0 0 0 
          0 0 0 0 0 0 0 0 0 0 0 
Joann
3382
0 0 0 0 0 0 0 0 0 0 1 
 0 0 0 0 0 0 0 0 0 2 0 
  0 0 1 2 2 2 2 2 2 0 0 
   0 0 2 1 1 2 1 2 1 0 0 
    0 0 2 2 1 1 1 1 0 0 0 
     0 0 0 0 1 1 0 0 0 0 0 
      0 0 0 0 0 1 0 0 0 0 0 
       0 0 0 0 0 0 0 0 0 0 0 
        0 0 0 0 0 0 0 0 0 0 0 
         0 0 0 0 0 0 0 0 0 0 0 
          0 0 0 0 0 0 0 0 0 0 0 
Jessica
617
0 0 0 0 0 0 0 0 0 0 1 
 0 0 0 0 0 0 0 0 0 2 2 
  0 0 1 2 2 2 2 2 2 0 0 
   0 0 2 1 1 2 1 2 1 0 0 
    0 0 2 2 1 1 1 1 0 0 0 
     0 0 0 0 1 1 0 0 0 0 0 
      0 0 0 0 0 1 0 0 0 0 0 
       0 0 0 0 0 0 0 0 0 0 0 
        0 0 0 0 0 0 0 0 0 0 0 
         0 0 0 0 0 0 0 0 0 0 0 
          0 0 0 0 0 0 0 0 0 0 0 
Joann
4024
0 0 0 0 0 0 0 0 0 0 1 
 0 0 0 0 0 0 0 0 0 2 2 
  0 0 1 2 2 2 2 2 2 0 0 
   0 0 2 1 1 2 1 2 1 0 0 
    0 0 2 2 1 1 1 1 0 0 0 
     0 1 0 0 1 1 0 0 0 0 0 
      0 0 0 0 0 1 0 0 0 0 0 
       0 0 0 0 0 0 0 0 0 0 0 
        0 0 0 0 0 0 0 0 0 0 0 
         0 0 0 0 0 0 0 0 0 0 0 
          0 0 0 0 0 0 0 0 0 0 0 
Jessica
1572
0 0 0 0 0 0 0 0 0 0 1 
 0 0 0 0 0 0 0 0 0 2 2 
  0 0 1 2 2 2 2 2 2 0 0 
   0 2 2 1 1 2 1 2 1 0 0 
    0 0 2 2 1 1 1 1 0 0 0 
     0 1 0 0 1 1 0 0 0 0 0 
      0 0 0 0 0 1 0 0 0 0 0 
       0 0 0 0 0 0 0 0 0 0 0 
        0 0 0 0 0 0 0 0 0 0 0 
         0 0 0 0 0 0 0 0 0 0 0 
          0 0 0 0 0 0 0 0 0 0 0 
Joann
3685
0 0 0 0 0 0 0 0 0 0 1 
 0 0 0 0 0 0 0 0 0 2 2 
  0 0 1 2 2 2 2 2 2 0 0 
   0 2 2 1 1 2 1 2 1 0 0 
    1 0 2 2 1 1 1 1 0 0 0 
     0 1 0 0 1 1 0 0 0 0 0 
      0 0 0 0 0 1 0 0 0 0 0 
       0 0 0 0 0 0 0 0 0 0 0 
        0 0 0 0 0 0 0 0 0 0 0 
         0 0 0 0 0 0 0 0 0 0 0 
          0 0 0 0 0 0 0 0 0 0 0 
Jessica
536688
0 0 0 0 0 0 0 0 0 0 1 
 0 0 0 0 0 0 0 0 0 2 2 
  0 0 1 2 2 2 2 2 2 0 0 
   2 2 2 1 1 2 1 2 1 0 0 
    1 0 2 2 1 1 1 1 0 0 0 
     0 1 0 0 1 1 0 0 0 0 0 
      0 0 0 0 0 1 0 0 0 0 0 
       0 0 0 0 0 0 0 0 0 0 0 
        0 0 0 0 0 0 0 0 0 0 0 
         0 0 0 0 0 0 0 0 0 0 0 
          0 0 0 0 0 0 0 0 0 0 0 
Winner: Jessica
0 0 0 0 0 0 0 0 0 0 0 
 0 0 0 0 0 0 0 0 0 0 0 
  0 0 0 0 0 0 0 0 0 0 0 
   0 0 0 0 0 0 0 0 0 0 0 
    0 0 0 0 0 0 0 0 0 0 0 
     0 0 0 0 0 0 0 0 0 0 0 
      0 0 0 0 0 0 0 0 0 0 0 
       0 0 0 0 0 0 0 0 0 0 0 
        0 0 0 0 0 0 0 0 0 0 0 
         0 0 0 0 0 0 0 0 0 0 0 
          0 0 0 0 0 0 0 0 0 0 0 
Joann
2790
0 0 0 0 0 0 0 0 0 0 0 
 0 0 0 0 0 0 0 0 0 0 0 
  0 0 0 0 0 0 0 0 0 0 0 
   0 0 0 0 0 0 0 0 0 0 0 
    0 0 0 0 0 0 0 0 0 0 0 
     0 0 0 0 0 1 0 0 0 0 0 
      0 0 0 0 0 0 0 0 0 0 0 
       0 0 0 0 0 0 0 0 0 0 0 
        0 0 0 0 0 0 0 0 0 0 0 
         0 0 0 0 0 0 0 0 0 0 0 
          0 0 0 0 0 0 0 0 0 0 0 
Jessica
1872
0 0 0 0 0 0 0 0 0 0 0 
 0 0 0 0 0 0 0 0 0 0 0 
  0 0 0 0 0 0 0 0 0 0 0 
   0 0 0 0 0 0 0 0 0 0 0 
    0 0 0 0 0 0 0 0 0 0 0 
     0 0 0 0 0 1 0 0 2 0 0 
      0 0 0 0 0 0 0 0 0 0 0 
       0 0 0 0 0 0 0 0 0 0 0 
        0 0 0 0 0 0 0 0 0 0 0 
         0 0 0 0 0 0 0 0 0 0 0 
          0 0 0 0 0 0 0 0 0 0 0 
Joann
3974
0 0 0 0 0 0 0 0 0 0 0 
 0 0 0 0 0 0 0 0 0 0 0 
  0 0 0 0 0 0 0 0 0 0 0 
   0 0 0 0 0 0 0 0 0 0 0 
    0 0 0 0 0 0 0 0 0 0 0 
     0 0 0 0 0 1 0 0 2 1 0 
      0 0 0 0 0 0 0 0 0 0 0 
       0 0 0 0 0 0 0 0 0 0 0 
        0 0 0 0 0 0 0 0 0 0 0 
         0 0 0 0 0 0 0 0 0 0 0 
          0 0 0 0 0 0 0 0 0 0 0 
Jessica
1803
0 0 0 0 0 0 0 0 0 0 0 
 0 0 0 0 0 0 0 0 0 0 0 
  0 0 0 0 0 0 0 0 0 0 0 
   0 0 0 0 0 0 0 0 0 0 0 
    0 0 0 0 0 0 0 0 0 0 0 
     0 0 0 2 0 1 0 0 2 1 0 
      0 0 0 0 0 0 0 0 0 0 0 
       0 0 0 0 0 0 0 0 0 0 0 
        0 0 0 0 0 0 0 0 0 0 0 
         0 0 0 0 0 0 0 0 0 0 0 
          0 0 0 0 0 0 0 0 0 0 0 
Joann
4002
0 0 0 0 0 0 0 0 0 0 0 
 0 0 0 0 0 0 0 0 0 0 0 
  0 0 0 0 0 0 0 0 0 0 0 
   0 0 0 0 0 0 0 0 0 0 0 
    0 0 0 0 0 0 0 0 0 0 0 
     0 0 0 2 0 1 0 0 2 1 0 
      0 0 0 0 0 1 0 0 0 0 0 
       0 0 0 0 0 0 0 0 0 0 0 
        0 0 0 0 0 0 0 0 0 0 0 
         0 0 0 0 0 0 0 0 0 0 0 
          0 0 0 0 0 0 0 0 0 0 0 
Jessica
1535
0 0 0 0 0 0 0 0 0 0 0 
 0 0 0 0 0 0 0 0 0 0 0 
  0 0 0 0 0 0 0 0 0 0 0 
   0 0 0 0 0 0 0 0 0 0 0 
    0 0 0 0 0 0 2 0 0 0 0 
     0 0 0 2 0 1 0 0 2 1 0 
      0 0 0 0 0 1 0 0 0 0 0 
       0 0 0 0 0 0 0 0 0 0 0 
        0 0 0 0 0 0 0 0 0 0 0 
         0 0 0 0 0 0 0 0 0 0 0 
          0 0 0 0 0 0 0 0 0 0 0 
Joann
3838
0 0 0 0 0 0 0 0 0 0 0 
 0 0 0 0 0 0 0 0 0 0 0 
  0 0 0 0 0 0 0 0 0 0 0 
   0 0 0 0 0 0 0 0 0 0 0 
    0 0 0 0 0 1 2 0 0 0 0 
     0 0 0 2 0 1 0 0 2 1 0 
      0 0 0 0 0 1 0 0 0 0 0 
       0 0 0 0 0 0 0 0 0 0 0 
        0 0 0 0 0 0 0 0 0 0 0 
         0 0 0 0 0 0 0 0 0 0 0 
          0 0 0 0 0 0 0 0 0 0 0 
Jessica
1930
0 0 0 0 0 0 0 0 0 0 0 
 0 0 0 0 0 0 0 0 0 0 0 
  0 0 0 0 0 0 0 0 0 0 0 
   0 0 0 0 0 2 0 0 0 0 0 
    0 0 0 0 0 1 2 0 0 0 0 
     0 0 0 2 0 1 0 0 2 1 0 
      0 0 0 0 0 1 0 0 0 0 0 
       0 0 0 0 0 0 0 0 0 0 0 
        0 0 0 0 0 0 0 0 0 0 0 
         0 0 0 0 0 0 0 0 0 0 0 
          0 0 0 0 0 0 0 0 0 0 0 
Joann
3079
0 0 0 0 0 0 0 0 0 0 0 
 0 0 0 0 0 0 0 0 0 0 0 
  0 0 0 0 0 0 0 0 0 0 0 
   0 0 0 0 0 2 1 0 0 0 0 
    0 0 0 0 0 1 2 0 0 0 0 
     0 0 0 2 0 1 0 0 2 1 0 
      0 0 0 0 0 1 0 0 0 0 0 
       0 0 0 0 0 0 0 0 0 0 0 
        0 0 0 0 0 0 0 0 0 0 0 
         0 0 0 0 0 0 0 0 0 0 0 
          0 0 0 0 0 0 0 0 0 0 0 
Jessica
1980
0 0 0 0 0 0 0 0 0 0 0 
 0 0 0 0 0 0 0 0 0 0 0 
  0 0 0 0 0 0 0 2 0 0 0 
   0 0 0 0 0 2 1 0 0 0 0 
    0 0 0 0 0 1 2 0 0 0 0 
     0 0 0 2 0 1 0 0 2 1 0 
      0 0 0 0 0 1 0 0 0 0 0 
       0 0 0 0 0 0 0 0 0 0 0 
        0 0 0 0 0 0 0 0 0 0 0 
         0 0 0 0 0 0 0 0 0 0 0 
          0 0 0 0 0 0 0 0 0 0 0 
Joann
3256
0 0 0 0 0 0 0 0 0 0 0 
 0 0 0 0 0 0 0 0 0 0 0 
  0 0 0 0 0 0 1 2 0 0 0 
   0 0 0 0 0 2 1 0 0 0 0 
    0 0 0 0 0 1 2 0 0 0 0 
     0 0 0 2 0 1 0 0 2 1 0 
      0 0 0 0 0 1 0 0 0 0 0 
       0 0 0 0 0 0 0 0 0 0 0 
        0 0 0 0 0 0 0 0 0 0 0 
         0 0 0 0 0 0 0 0 0 0 0 
          0 0 0 0 0 0 0 0 0 0 0 
Jessica
1794
0 0 0 0 0 0 0 0 0 0 0 
 0 0 0 0 0 0 0 0 0 0 0 
  0 0 0 0 0 0 1 2 0 0 0 
   0 0 0 0 0 2 1 2 0 0 0 
    0 0 0 0 0 1 2 0 0 0 0 
     0 0 0 2 0 1 0 0 2 1 0 
      0 0 0 0 0 1 0 0 0 0 0 
       0 0 0 0 0 0 0 0 0 0 0 
        0 0 0 0 0 0 0 0 0 0 0 
         0 0 0 0 0 0 0 0 0 0 0 
          0 0 0 0 0 0 0 0 0 0 0 
Joann
3591
0 0 0 0 0 0 0 0 0 0 0 
 0 0 0 0 0 0 0 0 0 0 0 
  0 0 0 0 0 0 1 2 0 0 0 
   0 0 0 0 0 2 1 2 0 0 0 
    0 0 0 0 0 1 2 0 0 0 0 
     0 0 0 2 0 1 0 0 2 1 0 
      0 0 0 0 0 1 0 0 0 0 0 
       0 0 0 0 1 0 0 0 0 0 0 
        0 0 0 0 0 0 0 0 0 0 0 
         0 0 0 0 0 0 0 0 0 0 0 
          0 0 0 0 0 0 0 0 0 0 0 
Jessica
604
0 0 0 0 0 0 0 0 0 0 0 
 0 0 0 0 0 0 0 2 0 0 0 
  0 0 0 0 0 0 1 2 0 0 0 
   0 0 0 0 0 2 1 2 0 0 0 
    0 0 0 0 0 1 2 0 0 0 0 
     0 0 0 2 0 1 0 0 2 1 0 
      0 0 0 0 0 1 0 0 0 0 0 
       0 0 0 0 1 0 0 0 0 0 0 
        0 0 0 0 0 0 0 0 0 0 0 
         0 0 0 0 0 0 0 0 0 0 0 
          0 0 0 0 0 0 0 0 0 0 0 
Joann
3731
0 0 0 0 0 0 0 0 0 0 0 
 0 0 0 0 0 0 1 2 0 0 0 
  0 0 0 0 0 0 1 2 0 0 0 
   0 0 0 0 0 2 1 2 0 0 0 
    0 0 0 0 0 1 2 0 0 0 0 
     0 0 0 2 0 1 0 0 2 1 0 
      0 0 0 0 0 1 0 0 0 0 0 
       0 0 0 0 1 0 0 0 0 0 0 
        0 0 0 0 0 0 0 0 0 0 0 
         0 0 0 0 0 0 0 0 0 0 0 
          0 0 0 0 0 0 0 0 0 0 0 
Jessica
1924
0 0 0 0 0 0 2 0 0 0 0 
 0 0 0 0 0 0 1 2 0 0 0 
  0 0 0 0 0 0 1 2 0 0 0 
   0 0 0 0 0 2 1 2 0 0 0 
    0 0 0 0 0 1 2 0 0 0 0 
     0 0 0 2 0 1 0 0 2 1 0 
      0 0 0 0 0 1 0 0 0 0 0 
       0 0 0 0 1 0 0 0 0 0 0 
        0 0 0 0 0 0 0 0 0 0 0 
         0 0 0 0 0 0 0 0 0 0 0 
          0 0 0 0 0 0 0 0 0 0 0 
Joann
2253
0 0 0 0 0 0 2 1 0 0 0 
 0 0 0 0 0 0 1 2 0 0 0 
  0 0 0 0 0 0 1 2 0 0 0 
   0 0 0 0 0 2 1 2 0 0 0 
    0 0 0 0 0 1 2 0 0 0 0 
     0 0 0 2 0 1 0 0 2 1 0 
      0 0 0 0 0 1 0 0 0 0 0 
       0 0 0 0 1 0 0 0 0 0 0 
        0 0 0 0 0 0 0 0 0 0 0 
         0 0 0 0 0 0 0 0 0 0 0 
          0 0 0 0 0 0 0 0 0 0 0 
Jessica
2081
0 0 0 0 0 0 2 1 0 0 0 
 0 0 0 0 0 0 1 2 0 0 0 
  0 0 0 0 0 0 1 2 0 0 0 
   0 0 0 0 0 2 1 2 0 0 0 
    0 0 0 0 0 1 2 0 0 0 0 
     0 0 0 2 0 1 0 0 2 1 0 
      0 0 0 0 0 1 0 0 0 0 0 
       0 0 0 0 1 0 0 0 0 0 0 
        0 0 0 2 0 0 0 0 0 0 0 
         0 0 0 0 0 0 0 0 0 0 0 
          0 0 0 0 0 0 0 0 0 0 0 
Joann
3633
0 0 0 0 0 0 2 1 0 0 0 
 0 0 0 0 0 0 1 2 0 0 0 
  0 0 0 0 0 0 1 2 0 0 0 
   0 0 0 0 0 2 1 2 0 0 0 
    0 0 0 0 0 1 2 0 0 0 0 
     0 0 0 2 0 1 0 0 2 1 0 
      0 0 0 0 0 1 0 0 0 0 0 
       0 0 0 0 1 0 0 0 0 0 0 
        0 0 0 2 1 0 0 0 0 0 0 
         0 0 0 0 0 0 0 0 0 0 0 
          0 0 0 0 0 0 0 0 0 0 0 
Jessica
1877
0 0 0 0 0 0 2 1 0 0 0 
 0 0 0 0 0 0 1 2 0 0 0 
  0 0 0 0 0 0 1 2 0 0 0 
   0 0 0 0 0 2 1 2 0 0 0 
    0 0 0 0 0 1 2 0 0 0 0 
     0 0 0 2 0 1 0 0 2 1 0 
      0 0 0 0 0 1 0 0 0 0 0 
       0 0 0 0 1 0 0 0 0 0 0 
        0 0 0 2 1 0 0 0 0 0 0 
         0 0 0 2 0 0 0 0 0 0 0 
          0 0 0 0 0 0 0 0 0 0 0 
Joann
3912
0 0 0 0 0 0 2 1 0 0 0 
 0 0 0 0 0 0 1 2 0 0 0 
  0 0 0 0 0 0 1 2 0 0 0 
   0 0 0 0 0 2 1 2 0 0 0 
    0 0 0 0 0 1 2 0 0 0 0 
     0 0 0 2 0 1 0 0 2 1 0 
      0 0 0 0 0 1 0 0 0 0 0 
       0 0 0 0 1 0 0 0 0 0 0 
        0 0 0 2 1 0 0 0 0 0 0 
         0 0 0 2 1 0 0 0 0 0 0 
          0 0 0 0 0 0 0 0 0 0 0 
Jessica
2198
0 0 0 0 0 0 2 1 0 0 0 
 0 0 0 0 0 0 1 2 0 0 0 
  0 0 0 0 0 0 1 2 0 0 0 
   0 0 0 0 0 2 1 2 0 0 0 
    0 0 0 0 0 1 2 0 0 0 0 
     0 0 0 2 0 1 0 0 2 1 0 
      0 0 0 0 0 1 0 0 0 0 0 
       0 0 0 0 1 0 0 0 0 0 0 
        0 0 0 2 1 0 0 0 0 0 0 
         0 0 0 2 1 0 0 0 0 0 0 
          0 0 0 2 0 0 0 0 0 0 0 
Joann
1016486
0 0 0 0 0 0 2 1 0 0 0 
 0 0 0 0 0 0 1 2 0 0 0 
  0 0 0 0 0 0 1 2 0 0 0 
   0 0 0 0 0 2 1 2 0 0 0 
    0 0 0 0 0 1 2 0 0 0 0 
     0 0 0 2 0 1 0 0 2 1 0 
      0 0 0 0 0 1 0 0 0 0 0 
       0 0 0 0 1 0 0 0 0 0 0 
        0 0 0 2 1 0 0 0 0 0 0 
         0 0 0 2 1 0 0 0 0 0 0 
          0 0 0 2 1 0 0 0 0 0 0 
Winner: Joann
0 0 0 0 0 0 0 0 0 0 0 
 0 0 0 0 0 0 0 0 0 0 0 
  0 0 0 0 0 0 0 0 0 0 0 
   0 0 0 0 0 0 0 0 0 0 0 
    0 0 0 0 0 0 0 0 0 0 0 
     0 0 0 0 0 0 0 0 0 0 0 
      0 0 0 0 0 0 0 0 0 0 0 
       0 0 0 0 0 0 0 0 0 0 0 
        0 0 0 0 0 0 0 0 0 0 0 
         0 0 0 0 0 0 0 0 0 0 0 
          0 0 0 0 0 0 0 0 0 0 0 
Joann
1967
0 0 0 0 0 0 0 0 0 0 0 
 0 0 0 0 0 0 0 0 0 0 0 
  0 0 0 0 0 0 0 0 0 0 0 
   0 0 0 0 0 0 0 0 0 0 0 
    0 0 0 0 0 0 0 0 0 0 0 
     0 0 0 0 1 0 0 0 0 0 0 
      0 0 0 0 0 0 0 0 0 0 0 
       0 0 0 0 0 0 0 0 0 0 0 
        0 0 0 0 0 0 0 0 0 0 0 
         0 0 0 0 0 0 0 0 0 0 0 
          0 0 0 0 0 0 0 0 0 0 0 
Jessica
1575
0 0 0 0 0 0 0 0 0 0 0 
 0 0 0 0 0 0 0 0 0 0 0 
  0 0 0 0 0 0 0 0 0 0 0 
   0 0 0 0 0 0 0 0 0 0 0 
    0 0 0 0 0 0 0 0 0 0 0 
     0 0 0 2 1 0 0 0 0 0 0 
      0 0 0 0 0 0 0 0 0 0 0 
       0 0 0 0 0 0 0 0 0 0 0 
        0 0 0 0 0 0 0 0 0 0 0 
         0 0 0 0 0 0 0 0 0 0 0 
          0 0 0 0 0 0 0 0 0 0 0 
Joann
3982
0 0 0 0 0 0 0 0 0 0 0 
 0 0 0 0 0 0 0 0 0 0 0 
  0 0 0 0 0 0 0 0 0 0 0 
   0 0 0 0 0 0 0 0 0 0 0 
    0 0 0 0 0 0 0 0 0 0 0 
     0 0 0 2 1 0 0 0 0 0 0 
      0 0 0 0 1 0 0 0 0 0 0 
       0 0 0 0 0 0 0 0 0 0 0 
        0 0 0 0 0 0 0 0 0 0 0 
         0 0 0 0 0 0 0 0 0 0 0 
          0 0 0 0 0 0 0 0 0 0 0 
Jessica
1914
0 0 0 0 0 0 0 0 0 0 0 
 0 0 0 0 0 0 0 0 0 0 0 
  0 0 0 0 0 0 0 0 0 0 0 
   0 0 0 0 0 0 0 0 0 0 0 
    0 0 0 0 0 0 0 0 0 0 0 
     0 0 0 2 1 0 0 0 0 0 0 
      0 0 0 0 1 0 0 0 0 0 0 
       0 0 0 0 0 0 0 0 0 0 0 
        0 0 2 0 0 0 0 0 0 0 0 
         0 0 0 0 0 0 0 0 0 0 0 
          0 0 0 0 0 0 0 0 0 0 0 
Joann
3341
0 0 0 0 0 0 0 0 0 0 0 
 0 0 0 0 0 0 0 0 0 0 0 
  0 0 0 0 0 0 0 0 0 0 0 
   0 0 0 0 0 0 0 0 0 0 0 
    0 0 0 0 1 0 0 0 0 0 0 
     0 0 0 2 1 0 0 0 0 0 0 
      0 0 0 0 1 0 0 0 0 0 0 
       0 0 0 0 0 0 0 0 0 0 0 
        0 0 2 0 0 0 0 0 0 0 0 
         0 0 0 0 0 0 0 0 0 0 0 
          0 0 0 0 0 0 0 0 0 0 0 
Jessica
2019
0 0 0 0 0 0 0 0 0 0 0 
 0 0 0 0 0 0 0 0 0 0 0 
  0 0 0 0 0 0 0 0 0 0 0 
   0 0 0 0 0 0 0 0 0 0 0 
    0 0 0 0 1 0 0 0 0 0 0 
     0 0 0 2 1 0 0 0 0 0 0 
      0 0 0 0 1 0 0 0 0 0 0 
       0 0 0 0 0 0 0 0 0 0 0 
        0 0 2 2 0 0 0 0 0 0 0 
         0 0 0 0 0 0 0 0 0 0 0 
          0 0 0 0 0 0 0 0 0 0 0 
Joann
3206
0 0 0 0 0 0 0 0 0 0 0 
 0 0 0 0 0 0 0 0 0 0 0 
  0 0 0 0 0 0 0 0 0 0 0 
   0 0 0 0 0 0 0 0 0 0 0 
    0 0 0 0 1 0 0 0 0 0 0 
     0 0 0 2 1 0 0 0 0 0 0 
      0 0 0 0 1 0 0 0 0 0 0 
       0 0 0 0 0 0 0 0 0 0 0 
        0 0 2 2 1 0 0 0 0 0 0 
         0 0 0 0 0 0 0 0 0 0 0 
          0 0 0 0 0 0 0 0 0 0 0 
Jessica
1882
0 0 0 0 0 0 0 0 0 0 0 
 0 0 0 0 0 0 0 0 0 0 0 
  0 0 0 0 0 0 0 0 0 0 0 
   0 0 0 0 0 0 0 0 0 0 0 
    0 0 0 0 1 0 0 0 0 0 0 
     0 0 0 2 1 0 0 0 0 0 0 
      0 0 0 0 1 0 0 0 0 0 0 
       0 0 0 0 2 0 0 0 0 0 0 
        0 0 2 2 1 0 0 0 0 0 0 
         0 0 0 0 0 0 0 0 0 0 0 
          0 0 0 0 0 0 0 0 0 0 0 
Joann
3373
0 0 0 0 0 0 0 0 0 0 0 
 0 0 0 0 0 0 0 0 0 0 0 
  0 0 0 0 0 0 0 0 0 0 0 
   0 0 0 0 0 0 0 0 0 0 0 
    0 0 0 0 1 0 0 0 0 0 0 
     0 0 0 2 1 0 0 0 0 0 0 
      0 0 0 0 1 1 0 0 0 0 0 
       0 0 0 0 2 0 0 0 0 0 0 
        0 0 2 2 1 0 0 0 0 0 0 
         0 0 0 0 0 0 0 0 0 0 0 
          0 0 0 0 0 0 0 0 0 0 0 
Jessica
1095
0 0 0 0 0 0 0 0 0 0 0 
 0 0 0 0 0 0 0 0 0 0 0 
  0 0 0 0 0 0 0 0 0 0 0 
   0 0 0 0 0 0 0 0 0 0 0 
    0 0 0 0 1 0 0 0 0 0 0 
     0 0 0 2 1 0 0 0 0 0 0 
      0 0 0 0 1 1 0 0 0 0 0 
       0 0 0 0 2 2 0 0 0 0 0 
        0 0 2 2 1 0 0 0 0 0 0 
         0 0 0 0 0 0 0 0 0 0 0 
          0 0 0 0 0 0 0 0 0 0 0 
Joann
3574
0 0 0 0 0 0 0 0 0 0 0 
 0 0 0 0 0 0 0 0 0 0 0 
  0 0 0 0 0 0 0 0 0 0 0 
   0 0 0 0 0 0 0 0 0 0 0 
    0 0 0 0 1 0 0 0 0 0 0 
     0 0 0 2 1 0 0 0 0 0 0 
      0 0 0 0 1 1 0 1 0 0 0 
       0 0 0 0 2 2 0 0 0 0 0 
        0 0 2 2 1 0 0 0 0 0 0 
         0 0 0 0 0 0 0 0 0 0 0 
          0 0 0 0 0 0 0 0 0 0 0 
Jessica
1619
0 0 0 0 0 0 0 0 0 0 0 
 0 0 0 0 0 0 0 0 0 0 0 
  0 0 0 0 0 0 0 0 0 0 0 
   0 0 0 0 0 0 0 0 0 0 0 
    0 0 0 0 1 0 0 0 0 0 0 
     0 0 0 2 1 0 0 0 0 0 0 
      0 0 0 0 1 1 2 1 0 0 0 
       0 0 0 0 2 2 0 0 0 0 0 
        0 0 2 2 1 0 0 0 0 0 0 
         0 0 0 0 0 0 0 0 0 0 0 
          0 0 0 0 0 0 0 0 0 0 0 
Joann
2267
0 0 0 0 0 0 0 0 0 0 0 
 0 0 0 0 0 0 0 0 0 0 0 
  0 0 0 0 0 0 0 0 0 0 0 
   0 0 0 0 0 0 0 0 0 0 0 
    0 0 0 0 1 0 0 0 0 0 0 
     0 0 0 2 1 0 0 1 0 0 0 
      0 0 0 0 1 1 2 1 0 0 0 
       0 0 0 0 2 2 0 0 0 0 0 
        0 0 2 2 1 0 0 0 0 0 0 
         0 0 0 0 0 0 0 0 0 0 0 
          0 0 0 0 0 0 0 0 0 0 0 
Jessica
1844
0 0 0 0 0 0 0 0 0 0 0 
 0 0 0 0 0 0 0 0 0 0 0 
  0 0 0 0 0 0 0 0 0 0 0 
   0 0 0 0 0 0 0 0 0 0 0 
    0 0 0 0 1 0 0 0 0 0 0 
     0 0 0 2 1 0 2 1 0 0 0 
      0 0 0 0 1 1 2 1 0 0 0 
       0 0 0 0 2 2 0 0 0 0 0 
        0 0 2 2 1 0 0 0 0 0 0 
         0 0 0 0 0 0 0 0 0 0 0 
          0 0 0 0 0 0 0 0 0 0 0 
Joann
3610
0 0 0 0 0 0 0 0 0 0 0 
 0 0 0 0 0 0 0 0 0 0 0 
  0 0 0 0 0 0 0 0 0 0 0 
   0 0 0 0 0 0 0 0 0 0 0 
    0 0 0 0 1 0 0 1 0 0 0 
     0 0 0 2 1 0 2 1 0 0 0 
      0 0 0 0 1 1 2 1 0 0 0 
       0 0 0 0 2 2 0 0 0 0 0 
        0 0 2 2 1 0 0 0 0 0 0 
         0 0 0 0 0 0 0 0 0 0 0 
          0 0 0 0 0 0 0 0 0 0 0 
Jessica
1695
0 0 0 0 0 0 0 0 0 0 0 
 0 0 0 0 0 0 0 0 0 0 0 
  0 0 0 0 0 0 0 0 0 0 0 
   0 0 0 0 0 0 0 0 0 0 0 
    0 0 0 0 1 0 0 1 0 0 0 
     0 0 0 2 1 0 2 1 0 0 0 
      0 0 0 0 1 1 2 1 0 0 0 
       0 0 0 0 2 2 2 0 0 0 0 
        0 0 2 2 1 0 0 0 0 0 0 
         0 0 0 0 0 0 0 0 0 0 0 
          0 0 0 0 0 0 0 0 0 0 0 
Joann
1771
0 0 0 0 0 0 0 0 0 0 0 
 0 0 0 0 0 0 0 0 0 0 0 
  0 0 0 0 0 0 0 0 0 0 0 
   0 0 0 0 0 0 0 0 0 0 0 
    0 0 0 0 1 0 0 1 0 0 0 
     0 0 0 2 1 0 2 1 0 0 0 
      0 0 0 0 1 1 2 1 0 0 0 
       0 0 0 0 2 2 2 1 0 0 0 
        0 0 2 2 1 0 0 0 0 0 0 
         0 0 0 0 0 0 0 0 0 0 0 
          0 0 0 0 0 0 0 0 0 0 0 
Jessica
1743
0 0 0 0 0 0 0 0 0 0 0 
 0 0 0 0 0 0 0 0 0 0 0 
  0 0 0 0 0 0 0 0 0 0 0 
   0 0 0 0 0 0 0 0 0 0 0 
    0 0 0 0 1 0 0 1 0 0 0 
     0 0 0 2 1 0 2 1 0 0 0 
      0 0 0 0 1 1 2 1 0 0 0 
       0 0 0 0 2 2 2 1 0 0 0 
        0 0 2 2 1 0 2 0 0 0 0 
         0 0 0 0 0 0 0 0 0 0 0 
          0 0 0 0 0 0 0 0 0 0 0 
Joann
3328
0 0 0 0 0 0 0 0 0 0 0 
 0 0 0 0 0 0 0 0 0 0 0 
  0 0 0 0 0 0 0 0 0 0 0 
   0 0 0 0 0 0 0 0 0 0 0 
    0 0 0 0 1 0 0 1 0 0 0 
     0 0 0 2 1 0 2 1 0 0 0 
      0 0 0 0 1 1 2 1 0 0 0 
       0 0 0 0 2 2 2 1 0 0 0 
        0 0 2 2 1 0 2 1 0 0 0 
         0 0 0 0 0 0 0 0 0 0 0 
          0 0 0 0 0 0 0 0 0 0 0 
Jessica
1614
0 0 0 0 0 0 0 0 0 0 0 
 0 0 0 0 0 0 0 0 0 0 0 
  0 0 0 0 0 0 0 0 0 0 0 
   0 0 0 0 0 0 0 0 0 0 0 
    0 0 0 0 1 0 0 1 0 0 0 
     0 0 0 2 1 0 2 1 0 0 0 
      0 0 0 0 1 1 2 1 0 0 0 
       0 0 0 0 2 2 2 1 0 0 0 
        0 0 2 2 1 0 2 1 0 0 0 
         0 0 0 0 0 0 0 2 0 0 0 
          0 0 0 0 0 0 0 0 0 0 0 
Joann
3935
0 0 0 0 0 0 0 0 0 0 0 
 0 0 0 0 0 0 0 0 0 0 0 
  0 0 0 0 0 0 0 0 0 0 0 
   0 0 0 0 0 0 0 0 0 0 0 
    0 0 0 0 1 0 0 1 0 0 0 
     0 0 0 2 1 0 2 1 0 0 0 
      0 0 0 0 1 1 2 1 0 0 0 
       0 0 0 0 2 2 2 1 0 0 0 
        0 0 2 2 1 0 2 1 0 0 0 
         0 0 0 0 0 0 1 2 0 0 0 
          0 0 0 0 0 0 0 0 0 0 0 
Jessica
1891
0 0 0 0 0 0 0 0 0 0 0 
 0 0 0 0 0 0 0 0 0 0 0 
  0 0 0 0 0 0 0 0 0 0 0 
   0 0 0 0 0 0 0 0 0 0 0 
    0 0 0 0 1 0 0 1 0 0 0 
     0 0 0 2 1 0 2 1 0 0 0 
      0 0 0 0 1 1 2 1 0 0 0 
       0 0 0 0 2 2 2 1 0 0 0 
        0 0 2 2 1 0 2 1 0 0 0 
         0 0 0 0 0 0 1 2 0 0 0 
          0 0 0 0 0 2 0 0 0 0 0 
Joann
4254
0 0 0 0 0 0 0 0 0 0 0 
 0 0 0 0 0 0 0 0 0 0 0 
  0 0 0 0 0 0 0 0 0 0 0 
   0 0 0 0 0 0 0 1 0 0 0 
    0 0 0 0 1 0 0 1 0 0 0 
     0 0 0 2 1 0 2 1 0 0 0 
      0 0 0 0 1 1 2 1 0 0 0 
       0 0 0 0 2 2 2 1 0 0 0 
        0 0 2 2 1 0 2 1 0 0 0 
         0 0 0 0 0 0 1 2 0 0 0 
          0 0 0 0 0 2 0 0 0 0 0 
Jessica
1346
0 0 0 0 0 0 0 0 0 0 0 
 0 0 0 0 0 0 0 0 0 0 0 
  0 0 0 0 0 0 0 0 0 0 0 
   0 0 0 0 0 0 0 1 0 0 0 
    0 0 0 0 1 0 0 1 0 0 0 
     0 0 0 2 1 0 2 1 0 0 0 
      0 0 0 0 1 1 2 1 0 0 0 
       0 0 0 0 2 2 2 1 0 0 0 
        0 0 2 2 1 0 2 1 0 0 0 
         0 0 0 0 0 0 1 2 0 0 0 
          0 0 0 0 0 2 2 0 0 0 0 
Joann
4051
0 0 0 0 0 0 0 0 0 0 0 
 0 0 0 0 0 0 0 0 0 0 0 
  0 0 0 0 0 0 0 0 0 0 0 
   0 0 0 0 0 0 0 1 0 0 0 
    0 0 0 0 1 0 0 1 0 0 0 
     0 0 0 2 1 0 2 1 0 0 0 
      0 0 0 0 1 1 2 1 0 0 0 
       0 0 0 0 2 2 2 1 0 0 0 
        0 0 2 2 1 0 2 1 0 0 0 
         0 0 0 0 0 1 1 2 0 0 0 
          0 0 0 0 0 2 2 0 0 0 0 
Jessica
1839
0 0 0 0 0 0 0 0 0 0 0 
 0 0 0 0 0 0 0 0 0 0 0 
  0 0 0 0 0 0 0 0 0 0 0 
   0 0 0 0 0 0 0 1 0 0 0 
    0 0 0 0 1 0 0 1 0 0 0 
     0 0 0 2 1 0 2 1 0 0 0 
      0 0 0 0 1 1 2 1 0 0 0 
       0 0 0 0 2 2 2 1 0 0 0 
        0 0 2 2 1 0 2 1 0 0 0 
         0 0 0 0 0 1 1 2 0 0 0 
          0 0 0 0 2 2 2 0 0 0 0 
Joann
3587
0 0 0 0 0 0 0 0 0 0 0 
 0 0 0 0 0 0 0 0 0 0 0 
  0 0 0 0 0 0 0 0 0 0 0 
   0 0 0 0 0 0 0 1 0 0 0 
    0 0 0 0 1 0 0 1 0 0 0 
     0 0 0 2 1 0 2 1 0 0 0 
      0 0 0 0 1 1 2 1 0 0 0 
       0 0 0 0 2 2 2 1 0 0 0 
        0 0 2 2 1 0 2 1 1 0 0 
         0 0 0 0 0 1 1 2 0 0 0 
          0 0 0 0 2 2 2 0 0 0 0 
Jessica
981
0 0 0 0 0 0 0 0 0 0 0 
 0 0 0 0 0 0 0 0 0 0 0 
  0 0 0 0 0 0 0 2 0 0 0 
   0 0 0 0 0 0 0 1 0 0 0 
    0 0 0 0 1 0 0 1 0 0 0 
     0 0 0 2 1 0 2 1 0 0 0 
      0 0 0 0 1 1 2 1 0 0 0 
       0 0 0 0 2 2 2 1 0 0 0 
        0 0 2 2 1 0 2 1 1 0 0 
         0 0 0 0 0 1 1 2 0 0 0 
          0 0 0 0 2 2 2 0 0 0 0 
Joann
3594
0 0 0 0 0 0 0 0 0 0 0 
 0 0 0 0 0 0 0 0 0 0 0 
  0 0 0 0 0 0 0 2 1 0 0 
   0 0 0 0 0 0 0 1 0 0 0 
    0 0 0 0 1 0 0 1 0 0 0 
     0 0 0 2 1 0 2 1 0 0 0 
      0 0 0 0 1 1 2 1 0 0 0 
       0 0 0 0 2 2 2 1 0 0 0 
        0 0 2 2 1 0 2 1 1 0 0 
         0 0 0 0 0 1 1 2 0 0 0 
          0 0 0 0 2 2 2 0 0 0 0 
Jessica
1810
0 0 0 0 0 0 0 0 0 0 0 
 0 0 0 0 0 0 0 0 0 0 0 
  0 0 0 0 0 0 0 2 1 0 0 
   0 0 0 0 0 0 0 1 0 0 0 
    0 0 0 0 1 0 0 1 0 0 0 
     0 0 0 2 1 0 2 1 0 0 0 
      0 0 0 0 1 1 2 1 0 0 0 
       0 0 0 0 2 2 2 1 0 0 0 
        0 0 2 2 1 0 2 1 1 0 0 
         0 0 0 0 0 1 1 2 2 0 0 
          0 0 0 0 2 2 2 0 0 0 0 
Joann
3862
0 0 0 0 0 0 0 0 0 0 0 
 0 0 0 0 0 0 0 0 0 0 0 
  0 0 0 0 0 0 0 2 1 0 0 
   0 0 0 0 0 0 0 1 0 0 0 
    0 0 0 0 1 0 0 1 0 0 0 
     0 0 0 2 1 0 2 1 0 0 0 
      0 0 0 0 1 1 2 1 0 0 0 
       0 0 0 0 2 2 2 1 0 0 0 
        0 0 2 2 1 0 2 1 1 0 0 
         0 0 0 0 1 1 1 2 2 0 0 
          0 0 0 0 2 2 2 0 0 0 0 
Jessica
1725
0 0 0 0 0 0 0 0 0 0 0 
 0 0 0 0 0 0 0 0 0 0 0 
  0 0 0 0 0 0 0 2 1 0 0 
   0 0 0 0 0 0 0 1 0 0 0 
    0 0 0 0 1 0 0 1 0 0 0 
     0 0 0 2 1 0 2 1 0 0 0 
      0 0 0 0 1 1 2 1 0 0 0 
       0 0 0 0 2 2 2 1 0 0 0 
        0 0 2 2 1 0 2 1 1 0 0 
         0 0 0 0 1 1 1 2 2 0 0 
          0 0 0 2 2 2 2 0 0 0 0 
Joann
315
0 0 0 0 0 0 0 0 0 0 0 
 0 0 0 0 0 0 0 0 0 0 0 
  0 0 0 1 0 0 0 2 1 0 0 
   0 0 0 0 0 0 0 1 0 0 0 
    0 0 0 0 1 0 0 1 0 0 0 
     0 0 0 2 1 0 2 1 0 0 0 
      0 0 0 0 1 1 2 1 0 0 0 
       0 0 0 0 2 2 2 1 0 0 0 
        0 0 2 2 1 0 2 1 1 0 0 
         0 0 0 0 1 1 1 2 2 0 0 
          0 0 0 2 2 2 2 0 0 0 0 
Jessica
1602
0 0 0 0 0 0 0 0 0 0 0 
 0 0 0 0 0 0 0 0 0 0 0 
  0 0 0 1 0 0 0 2 1 0 0 
   0 0 0 0 0 0 0 1 0 0 0 
    0 0 0 0 1 0 0 1 0 0 0 
     0 0 0 2 1 0 2 1 0 0 0 
      0 0 0 0 1 1 2 1 0 0 0 
       0 0 0 0 2 2 2 1 0 0 0 
        0 0 2 2 1 0 2 1 1 0 0 
         0 0 0 2 1 1 1 2 2 0 0 
          0 0 0 2 2 2 2 0 0 0 0 
Joann
3196
0 0 0 0 0 0 0 0 0 0 0 
 0 0 0 0 0 0 0 0 0 0 0 
  0 0 0 1 0 0 0 2 1 0 0 
   0 0 0 0 0 0 0 1 0 0 0 
    0 0 0 0 1 0 0 1 0 0 0 
     0 0 0 2 1 0 2 1 0 0 0 
      0 0 0 0 1 1 2 1 0 0 0 
       0 0 0 0 2 2 2 1 0 0 0 
        0 0 2 2 1 0 2 1 1 1 0 
         0 0 0 2 1 1 1 2 2 0 0 
          0 0 0 2 2 2 2 0 0 0 0 
Jessica
338
0 0 0 0 0 0 0 0 0 0 0 
 0 0 0 0 0 0 0 0 0 0 0 
  0 0 0 1 0 0 0 2 1 0 0 
   0 0 0 0 0 0 0 1 0 0 0 
    0 0 0 0 1 0 0 1 0 0 0 
     2 0 0 2 1 0 2 1 0 0 0 
      0 0 0 0 1 1 2 1 0 0 0 
       0 0 0 0 2 2 2 1 0 0 0 
        0 0 2 2 1 0 2 1 1 1 0 
         0 0 0 2 1 1 1 2 2 0 0 
          0 0 0 2 2 2 2 0 0 0 0 
Joann
689
0 0 0 0 0 0 0 0 0 0 0 
 0 0 0 0 0 0 0 0 0 0 0 
  0 0 0 1 0 0 0 2 1 0 0 
   0 0 0 0 0 0 0 1 0 0 0 
    0 0 0 0 1 0 0 1 0 0 0 
     2 0 0 2 1 0 2 1 0 0 0 
      0 0 0 0 1 1 2 1 0 0 0 
       0 0 0 0 2 2 2 1 0 0 0 
        0 0 2 2 1 0 2 1 1 1 0 
         0 0 0 2 1 1 1 2 2 1 0 
          0 0 0 2 2 2 2 0 0 0 0 
Jessica
393
0 0 0 0 0 0 0 0 0 0 0 
 0 0 0 0 0 0 0 0 0 0 0 
  0 0 0 1 0 0 0 2 1 0 0 
   0 0 0 0 0 0 0 1 0 0 0 
    0 0 0 0 1 0 0 1 0 0 0 
     2 0 0 2 1 0 2 1 0 0 0 
      0 0 0 2 1 1 2 1 0 0 0 
       0 0 0 0 2 2 2 1 0 0 0 
        0 0 2 2 1 0 2 1 1 1 0 
         0 0 0 2 1 1 1 2 2 1 0 
          0 0 0 2 2 2 2 0 0 0 0 
Joann
851
0 0 0 0 0 0 0 0 0 0 0 
 0 0 0 0 0 0 0 0 0 0 0 
  0 0 0 1 0 0 0 2 1 0 0 
   0 0 0 0 0 0 0 1 0 0 0 
    0 0 0 0 1 0 0 1 0 0 0 
     2 0 0 2 1 0 2 1 0 0 0 
      0 0 0 2 1 1 2 1 0 0 0 
       0 0 0 0 2 2 2 1 0 0 0 
        0 0 2 2 1 0 2 1 1 1 0 
         0 0 0 2 1 1 1 2 2 1 0 
          0 0 0 2 2 2 2 0 1 0 0 
Jessica
491
0 0 0 0 0 0 0 0 0 0 0 
 0 0 0 0 0 0 0 0 0 0 0 
  0 0 0 1 0 0 0 2 1 0 0 
   0 0 0 0 0 0 0 1 0 0 0 
    0 0 0 0 1 0 0 1 0 0 0 
     2 0 0 2 1 0 2 1 0 0 0 
      0 0 0 2 1 1 2 1 0 0 0 
       0 0 0 2 2 2 2 1 0 0 0 
        0 0 2 2 1 0 2 1 1 1 0 
         0 0 0 2 1 1 1 2 2 1 0 
          0 0 0 2 2 2 2 0 1 0 0 
Joann
523
0 0 0 0 0 0 0 0 0 0 0 
 0 0 0 0 0 0 0 0 1 0 0 
  0 0 0 1 0 0 0 2 1 0 0 
   0 0 0 0 0 0 0 1 0 0 0 
    0 0 0 0 1 0 0 1 0 0 0 
     2 0 0 2 1 0 2 1 0 0 0 
      0 0 0 2 1 1 2 1 0 0 0 
       0 0 0 2 2 2 2 1 0 0 0 
        0 0 2 2 1 0 2 1 1 1 0 
         0 0 0 2 1 1 1 2 2 1 0 
          0 0 0 2 2 2 2 0 1 0 0 
Jessica
609
0 0 0 0 0 0 0 0 2 0 0 
 0 0 0 0 0 0 0 0 1 0 0 
  0 0 0 1 0 0 0 2 1 0 0 
   0 0 0 0 0 0 0 1 0 0 0 
    0 0 0 0 1 0 0 1 0 0 0 
     2 0 0 2 1 0 2 1 0 0 0 
      0 0 0 2 1 1 2 1 0 0 0 
       0 0 0 2 2 2 2 1 0 0 0 
        0 0 2 2 1 0 2 1 1 1 0 
         0 0 0 2 1 1 1 2 2 1 0 
          0 0 0 2 2 2 2 0 1 0 0 
Joann
35858
0 0 0 0 0 0 0 0 2 1 0 
 0 0 0 0 0 0 0 0 1 0 0 
  0 0 0 1 0 0 0 2 1 0 0 
   0 0 0 0 0 0 0 1 0 0 0 
    0 0 0 0 1 0 0 1 0 0 0 
     2 0 0 2 1 0 2 1 0 0 0 
      0 0 0 2 1 1 2 1 0 0 0 
       0 0 0 2 2 2 2 1 0 0 0 
        0 0 2 2 1 0 2 1 1 1 0 
         0 0 0 2 1 1 1 2 2 1 0 
          0 0 0 2 2 2 2 0 1 0 0 
Winner: Joann
0 0 0 0 0 0 0 0 0 0 0 
 0 0 0 0 0 0 0 0 0 0 0 
  0 0 0 0 0 0 0 0 0 0 0 
   0 0 0 0 0 0 0 0 0 0 0 
    0 0 0 0 0 0 0 0 0 0 0 
     0 0 0 0 0 0 0 0 0 0 0 
      0 0 0 0 0 0 0 0 0 0 0 
       0 0 0 0 0 0 0 0 0 0 0 
        0 0 0 0 0 0 0 0 0 0 0 
         0 0 0 0 0 0 0 0 0 0 0 
          0 0 0 0 0 0 0 0 0 0 0 
Jessica
1090
0 0 0 0 0 0 0 0 0 0 0 
 0 0 0 0 0 0 0 0 0 0 0 
  0 0 0 0 0 0 0 0 0 0 0 
   0 0 0 0 0 0 0 0 0 0 0 
    0 0 0 0 0 0 1 0 0 0 0 
     0 0 0 0 0 0 0 0 0 0 0 
      0 0 0 0 0 0 0 0 0 0 0 
       0 0 0 0 0 0 0 0 0 0 0 
        0 0 0 0 0 0 0 0 0 0 0 
         0 0 0 0 0 0 0 0 0 0 0 
          0 0 0 0 0 0 0 0 0 0 0 
Joann
2916
0 0 0 0 0 0 0 0 0 0 0 
 0 0 0 0 0 0 0 0 0 0 0 
  0 0 0 0 0 0 0 0 0 0 0 
   0 0 0 0 0 0 0 0 0 0 0 
    0 0 0 0 0 0 1 0 0 0 0 
     0 0 0 0 0 0 0 0 0 0 0 
      0 0 0 0 0 2 0 0 0 0 0 
       0 0 0 0 0 0 0 0 0 0 0 
        0 0 0 0 0 0 0 0 0 0 0 
         0 0 0 0 0 0 0 0 0 0 0 
          0 0 0 0 0 0 0 0 0 0 0 
Jessica
1948
0 0 0 0 0 0 0 0 0 0 0 
 0 0 0 0 0 0 0 0 0 0 0 
  0 0 0 0 0 0 0 0 0 0 0 
   0 0 0 0 0 0 0 0 0 0 0 
    0 0 0 0 0 0 1 0 0 0 0 
     0 0 0 0 0 0 1 0 0 0 0 
      0 0 0 0 0 2 0 0 0 0 0 
       0 0 0 0 0 0 0 0 0 0 0 
        0 0 0 0 0 0 0 0 0 0 0 
         0 0 0 0 0 0 0 0 0 0 0 
          0 0 0 0 0 0 0 0 0 0 0 
Joann
3620
0 0 0 0 0 0 0 0 0 0 0 
 0 0 0 0 0 0 0 0 0 0 0 
  0 0 0 0 0 0 0 0 0 0 0 
   0 0 0 0 0 0 0 0 0 0 0 
    0 0 0 0 0 0 1 0 0 0 0 
     0 0 0 0 0 0 1 0 0 0 0 
      0 0 0 0 0 2 0 0 0 0 0 
       0 0 0 0 0 2 0 0 0 0 0 
        0 0 0 0 0 0 0 0 0 0 0 
         0 0 0 0 0 0 0 0 0 0 0 
          0 0 0 0 0 0 0 0 0 0 0 
Jessica
1996
0 0 0 0 0 0 0 0 0 0 0 
 0 0 0 0 0 0 0 0 0 0 0 
  0 0 0 0 0 0 0 0 0 0 0 
   0 0 0 0 0 0 0 1 0 0 0 
    0 0 0 0 0 0 1 0 0 0 0 
     0 0 0 0 0 0 1 0 0 0 0 
      0 0 0 0 0 2 0 0 0 0 0 
       0 0 0 0 0 2 0 0 0 0 0 
        0 0 0 0 0 0 0 0 0 0 0 
         0 0 0 0 0 0 0 0 0 0 0 
          0 0 0 0 0 0 0 0 0 0 0 
Joann
3339
0 0 0 0 0 0 0 0 0 0 0 
 0 0 0 0 0 0 0 0 0 0 0 
  0 0 0 0 0 0 0 0 0 0 0 
   0 0 0 0 0 0 0 1 0 0 0 
    0 0 0 0 0 0 1 0 0 0 0 
     0 0 0 0 0 0 1 0 0 0 0 
      0 0 0 0 2 2 0 0 0 0 0 
       0 0 0 0 0 2 0 0 0 0 0 
        0 0 0 0 0 0 0 0 0 0 0 
         0 0 0 0 0 0 0 0 0 0 0 
          0 0 0 0 0 0 0 0 0 0 0 
Jessica
1991
0 0 0 0 0 0 0 0 0 0 0 
 0 0 0 0 0 0 0 0 0 0 0 
  0 0 0 0 0 0 0 0 0 0 0 
   0 0 0 0 0 0 0 1 0 0 0 
    0 0 0 0 0 0 1 0 0 0 0 
     0 0 0 0 0 0 1 0 0 0 0 
      0 0 0 0 2 2 1 0 0 0 0 
       0 0 0 0 0 2 0 0 0 0 0 
        0 0 0 0 0 0 0 0 0 0 0 
         0 0 0 0 0 0 0 0 0 0 0 
          0 0 0 0 0 0 0 0 0 0 0 
Joann
3891
0 0 0 0 0 0 0 0 0 0 0 
 0 0 0 0 0 0 0 0 0 0 0 
  0 0 0 0 0 0 0 0 0 0 0 
   0 0 0 0 0 0 0 1 0 0 0 
    0 0 0 0 0 0 1 0 0 0 0 
     0 0 0 0 0 0 1 0 0 0 0 
      0 0 0 0 2 2 1 0 0 0 0 
       0 0 0 0 0 2 2 0 0 0 0 
        0 0 0 0 0 0 0 0 0 0 0 
         0 0 0 0 0 0 0 0 0 0 0 
          0 0 0 0 0 0 0 0 0 0 0 
Jessica
1860
0 0 0 0 0 0 0 0 0 0 0 
 0 0 0 0 0 0 0 0 0 0 0 
  0 0 0 0 0 0 0 0 0 0 0 
   0 0 0 0 0 0 0 1 0 0 0 
    0 0 0 0 0 0 1 0 0 0 0 
     0 0 0 0 0 0 1 0 0 0 0 
      0 0 0 0 2 2 1 0 1 0 0 
       0 0 0 0 0 2 2 0 0 0 0 
        0 0 0 0 0 0 0 0 0 0 0 
         0 0 0 0 0 0 0 0 0 0 0 
          0 0 0 0 0 0 0 0 0 0 0 
Joann
2689
0 0 0 0 0 0 0 0 0 0 0 
 0 0 0 0 0 0 0 0 0 0 0 
  0 0 0 0 0 0 0 0 0 0 0 
   0 0 0 0 0 0 0 1 0 0 0 
    0 0 0 0 0 0 1 0 0 0 0 
     0 0 0 0 0 0 1 0 0 0 0 
      0 0 0 0 2 2 1 2 1 0 0 
       0 0 0 0 0 2 2 0 0 0 0 
        0 0 0 0 0 0 0 0 0 0 0 
         0 0 0 0 0 0 0 0 0 0 0 
          0 0 0 0 0 0 0 0 0 0 0 
Jessica
1529
0 0 0 0 0 0 0 0 0 0 0 
 0 0 0 0 0 0 0 0 0 0 0 
  0 0 0 0 0 0 0 0 0 0 0 
   0 0 0 0 0 0 0 1 0 0 0 
    0 0 0 0 0 0 1 0 0 0 0 
     0 0 0 0 0 0 1 0 1 0 0 
      0 0 0 0 2 2 1 2 1 0 0 
       0 0 0 0 0 2 2 0 0 0 0 
        0 0 0 0 0 0 0 0 0 0 0 
         0 0 0 0 0 0 0 0 0 0 0 
          0 0 0 0 0 0 0 0 0 0 0 
Joann
3673
0 0 0 0 0 0 0 0 0 0 0 
 0 0 0 0 0 0 0 0 0 0 0 
  0 0 0 0 0 0 0 0 0 0 0 
   0 0 0 0 0 0 0 1 0 0 0 
    0 0 0 0 0 0 1 0 0 0 0 
     0 0 0 0 0 0 1 2 1 0 0 
      0 0 0 0 2 2 1 2 1 0 0 
       0 0 0 0 0 2 2 0 0 0 0 
        0 0 0 0 0 0 0 0 0 0 0 
         0 0 0 0 0 0 0 0 0 0 0 
          0 0 0 0 0 0 0 0 0 0 0 
Jessica
1711
0 0 0 0 0 0 0 0 0 0 0 
 0 0 0 0 0 0 0 0 0 0 0 
  0 0 0 0 0 0 0 0 0 0 0 
   0 0 0 0 0 0 0 1 0 0 0 
    0 0 0 0 0 0 1 0 1 0 0 
     0 0 0 0 0 0 1 2 1 0 0 
      0 0 0 0 2 2 1 2 1 0 0 
       0 0 0 0 0 2 2 0 0 0 0 
        0 0 0 0 0 0 0 0 0 0 0 
         0 0 0 0 0 0 0 0 0 0 0 
          0 0 0 0 0 0 0 0 0 0 0 
Joann
3688
0 0 0 0 0 0 0 0 0 0 0 
 0 0 0 0 0 0 0 0 0 0 0 
  0 0 0 0 0 0 0 0 0 0 0 
   0 0 0 0 0 0 0 1 0 0 0 
    0 0 0 0 0 0 1 2 1 0 0 
     0 0 0 0 0 0 1 2 1 0 0 
      0 0 0 0 2 2 1 2 1 0 0 
       0 0 0 0 0 2 2 0 0 0 0 
        0 0 0 0 0 0 0 0 0 0 0 
         0 0 0 0 0 0 0 0 0 0 0 
          0 0 0 0 0 0 0 0 0 0 0 
Jessica
959
0 0 0 0 0 0 0 0 0 0 0 
 0 0 0 0 0 0 0 0 0 0 0 
  0 0 0 0 0 0 0 0 0 0 0 
   0 0 0 0 0 0 0 1 1 0 0 
    0 0 0 0 0 0 1 2 1 0 0 
     0 0 0 0 0 0 1 2 1 0 0 
      0 0 0 0 2 2 1 2 1 0 0 
       0 0 0 0 0 2 2 0 0 0 0 
        0 0 0 0 0 0 0 0 0 0 0 
         0 0 0 0 0 0 0 0 0 0 0 
          0 0 0 0 0 0 0 0 0 0 0 
Joann
3391
0 0 0 0 0 0 0 0 0 0 0 
 0 0 0 0 0 0 0 0 0 0 0 
  0 0 0 0 0 0 0 0 0 0 0 
   0 0 0 0 0 0 0 1 1 0 0 
    0 0 0 0 0 0 1 2 1 0 0 
     0 0 0 0 0 0 1 2 1 0 0 
      0 0 0 0 2 2 1 2 1 0 0 
       0 0 0 0 0 2 2 0 0 0 0 
        0 0 0 0 0 0 0 0 2 0 0 
         0 0 0 0 0 0 0 0 0 0 0 
          0 0 0 0 0 0 0 0 0 0 0 
Jessica
1743
0 0 0 0 0 0 0 0 0 0 0 
 0 0 0 0 0 0 0 0 0 0 0 
  0 0 0 0 0 0 0 0 0 0 0 
   0 0 0 0 0 0 0 1 1 0 0 
    0 0 0 0 0 0 1 2 1 0 0 
     0 0 0 0 0 0 1 2 1 0 0 
      0 0 0 0 2 2 1 2 1 0 0 
       0 0 0 0 0 2 2 1 0 0 0 
        0 0 0 0 0 0 0 0 2 0 0 
         0 0 0 0 0 0 0 0 0 0 0 
          0 0 0 0 0 0 0 0 0 0 0 
Joann
2771
0 0 0 0 0 0 0 0 0 0 0 
 0 0 0 0 0 0 0 0 0 0 0 
  0 0 0 0 0 0 0 0 0 0 0 
   0 0 0 0 0 0 0 1 1 0 0 
    0 0 0 0 0 0 1 2 1 0 0 
     0 0 0 0 0 0 1 2 1 0 0 
      0 0 0 0 2 2 1 2 1 0 0 
       0 0 0 0 0 2 2 1 0 0 0 
        0 0 0 0 0 0 2 0 2 0 0 
         0 0 0 0 0 0 0 0 0 0 0 
          0 0 0 0 0 0 0 0 0 0 0 
Jessica
1782
0 0 0 0 0 0 0 0 0 0 0 
 0 0 0 0 0 0 0 0 0 0 0 
  0 0 0 0 0 0 0 0 0 0 0 
   0 0 0 0 0 0 0 1 1 0 0 
    0 0 0 0 0 0 1 2 1 0 0 
     0 0 0 0 0 0 1 2 1 0 0 
      0 0 0 0 2 2 1 2 1 0 0 
       0 0 0 0 0 2 2 1 0 0 0 
        0 0 0 0 0 0 2 1 2 0 0 
         0 0 0 0 0 0 0 0 0 0 0 
          0 0 0 0 0 0 0 0 0 0 0 
Joann
3545
0 0 0 0 0 0 0 0 0 0 0 
 0 0 0 0 0 0 0 0 0 0 0 
  0 0 0 0 0 0 0 0 0 0 0 
   0 0 0 0 0 0 0 1 1 0 0 
    0 0 0 0 0 0 1 2 1 0 0 
     0 0 0 0 0 0 1 2 1 0 0 
      0 0 0 0 2 2 1 2 1 0 0 
       0 0 0 0 0 2 2 1 0 0 0 
        0 0 0 0 0 0 2 1 2 0 0 
         0 0 0 0 0 0 2 0 0 0 0 
          0 0 0 0 0 0 0 0 0 0 0 
Jessica
2084
0 0 0 0 0 0 0 0 0 0 0 
 0 0 0 0 0 0 0 0 0 0 0 
  0 0 0 0 0 0 0 0 0 0 0 
   0 0 0 0 0 0 0 1 1 0 0 
    0 0 0 0 0 0 1 2 1 0 0 
     0 0 0 0 0 0 1 2 1 0 0 
      0 0 0 0 2 2 1 2 1 0 0 
       0 0 0 0 0 2 2 1 0 0 0 
        0 0 0 0 0 0 2 1 2 0 0 
         0 0 0 0 0 0 2 1 0 0 0 
          0 0 0 0 0 0 0 0 0 0 0 
Joann
3659
0 0 0 0 0 0 0 0 0 0 0 
 0 0 0 0 0 0 0 0 0 0 0 
  0 0 0 0 0 0 0 0 0 0 0 
   0 0 0 0 0 0 0 1 1 0 0 
    0 0 0 0 0 0 1 2 1 0 0 
     0 0 0 0 0 0 1 2 1 0 0 
      0 0 0 0 2 2 1 2 1 0 0 
       0 0 0 0 0 2 2 1 0 0 0 
        0 0 0 0 0 0 2 1 2 0 0 
         0 0 0 0 0 0 2 1 0 0 0 
          0 0 0 0 0 0 2 0 0 0 0 
Jessica
1125
0 0 0 0 0 0 0 0 0 0 0 
 0 0 0 0 0 0 0 0 0 0 0 
  0 0 0 0 0 0 0 0 0 0 0 
   0 0 0 0 0 0 0 1 1 0 0 
    0 0 0 0 0 0 1 2 1 0 0 
     0 0 0 0 0 0 1 2 1 0 0 
      0 0 0 0 2 2 1 2 1 0 0 
       0 0 0 0 0 2 2 1 0 0 0 
        0 0 0 0 0 0 2 1 2 0 0 
         0 0 0 0 0 0 2 1 0 0 0 
          0 0 0 0 0 0 2 1 0 0 0 
Joann
3727
0 0 0 0 0 0 0 0 0 0 2 
 0 0 0 0 0 0 0 0 0 0 0 
  0 0 0 0 0 0 0 0 0 0 0 
   0 0 0 0 0 0 0 1 1 0 0 
    0 0 0 0 0 0 1 2 1 0 0 
     0 0 0 0 0 0 1 2 1 0 0 
      0 0 0 0 2 2 1 2 1 0 0 
       0 0 0 0 0 2 2 1 0 0 0 
        0 0 0 0 0 0 2 1 2 0 0 
         0 0 0 0 0 0 2 1 0 0 0 
          0 0 0 0 0 0 2 1 0 0 0 
Jessica
2016
0 0 0 0 0 0 0 0 0 1 2 
 0 0 0 0 0 0 0 0 0 0 0 
  0 0 0 0 0 0 0 0 0 0 0 
   0 0 0 0 0 0 0 1 1 0 0 
    0 0 0 0 0 0 1 2 1 0 0 
     0 0 0 0 0 0 1 2 1 0 0 
      0 0 0 0 2 2 1 2 1 0 0 
       0 0 0 0 0 2 2 1 0 0 0 
        0 0 0 0 0 0 2 1 2 0 0 
         0 0 0 0 0 0 2 1 0 0 0 
          0 0 0 0 0 0 2 1 0 0 0 
Joann
1800
0 0 0 0 0 0 0 0 0 1 2 
 0 0 0 0 0 0 0 0 0 2 0 
  0 0 0 0 0 0 0 0 0 0 0 
   0 0 0 0 0 0 0 1 1 0 0 
    0 0 0 0 0 0 1 2 1 0 0 
     0 0 0 0 0 0 1 2 1 0 0 
      0 0 0 0 2 2 1 2 1 0 0 
       0 0 0 0 0 2 2 1 0 0 0 
        0 0 0 0 0 0 2 1 2 0 0 
         0 0 0 0 0 0 2 1 0 0 0 
          0 0 0 0 0 0 2 1 0 0 0 
Jessica
1712
0 0 0 0 0 0 0 0 0 1 2 
 0 0 0 0 0 0 0 0 0 2 0 
  0 0 0 0 0 0 0 1 0 0 0 
   0 0 0 0 0 0 0 1 1 0 0 
    0 0 0 0 0 0 1 2 1 0 0 
     0 0 0 0 0 0 1 2 1 0 0 
      0 0 0 0 2 2 1 2 1 0 0 
       0 0 0 0 0 2 2 1 0 0 0 
        0 0 0 0 0 0 2 1 2 0 0 
         0 0 0 0 0 0 2 1 0 0 0 
          0 0 0 0 0 0 2 1 0 0 0 
Joann
6636
0 0 0 0 0 0 0 0 0 1 2 
 0 0 0 0 0 0 0 0 2 2 0 
  0 0 0 0 0 0 0 1 0 0 0 
   0 0 0 0 0 0 0 1 1 0 0 
    0 0 0 0 0 0 1 2 1 0 0 
     0 0 0 0 0 0 1 2 1 0 0 
      0 0 0 0 2 2 1 2 1 0 0 
       0 0 0 0 0 2 2 1 0 0 0 
        0 0 0 0 0 0 2 1 2 0 0 
         0 0 0 0 0 0 2 1 0 0 0 
          0 0 0 0 0 0 2 1 0 0 0 
Jessica
1815
0 0 0 0 0 0 0 0 0 1 2 
 0 0 0 0 0 0 0 1 2 2 0 
  0 0 0 0 0 0 0 1 0 0 0 
   0 0 0 0 0 0 0 1 1 0 0 
    0 0 0 0 0 0 1 2 1 0 0 
     0 0 0 0 0 0 1 2 1 0 0 
      0 0 0 0 2 2 1 2 1 0 0 
       0 0 0 0 0 2 2 1 0 0 0 
        0 0 0 0 0 0 2 1 2 0 0 
         0 0 0 0 0 0 2 1 0 0 0 
          0 0 0 0 0 0 2 1 0 0 0 
Joann
3712
0 0 0 0 0 0 0 2 0 1 2 
 0 0 0 0 0 0 0 1 2 2 0 
  0 0 0 0 0 0 0 1 0 0 0 
   0 0 0 0 0 0 0 1 1 0 0 
    0 0 0 0 0 0 1 2 1 0 0 
     0 0 0 0 0 0 1 2 1 0 0 
      0 0 0 0 2 2 1 2 1 0 0 
       0 0 0 0 0 2 2 1 0 0 0 
        0 0 0 0 0 0 2 1 2 0 0 
         0 0 0 0 0 0 2 1 0 0 0 
          0 0 0 0 0 0 2 1 0 0 0 
Jessica
543439
0 0 0 0 0 0 0 2 1 1 2 
 0 0 0 0 0 0 0 1 2 2 0 
  0 0 0 0 0 0 0 1 0 0 0 
   0 0 0 0 0 0 0 1 1 0 0 
    0 0 0 0 0 0 1 2 1 0 0 
     0 0 0 0 0 0 1 2 1 0 0 
      0 0 0 0 2 2 1 2 1 0 0 
       0 0 0 0 0 2 2 1 0 0 0 
        0 0 0 0 0 0 2 1 2 0 0 
         0 0 0 0 0 0 2 1 0 0 0 
          0 0 0 0 0 0 2 1 0 0 0 
Winner: Jessica
0 0 0 0 0 0 0 0 0 0 0 
 0 0 0 0 0 0 0 0 0 0 0 
  0 0 0 0 0 0 0 0 0 0 0 
   0 0 0 0 0 0 0 0 0 0 0 
    0 0 0 0 0 0 0 0 0 0 0 
     0 0 0 0 0 0 0 0 0 0 0 
      0 0 0 0 0 0 0 0 0 0 0 
       0 0 0 0 0 0 0 0 0 0 0 
        0 0 0 0 0 0 0 0 0 0 0 
         0 0 0 0 0 0 0 0 0 0 0 
          0 0 0 0 0 0 0 0 0 0 0 
Jessica
1140
0 0 0 0 0 0 0 0 0 0 0 
 0 0 0 0 0 0 0 0 0 0 0 
  0 0 0 0 0 0 0 0 0 0 0 
   0 0 0 0 0 0 0 0 0 0 0 
    0 0 0 0 0 0 0 0 0 0 0 
     0 0 0 0 1 0 0 0 0 0 0 
      0 0 0 0 0 0 0 0 0 0 0 
       0 0 0 0 0 0 0 0 0 0 0 
        0 0 0 0 0 0 0 0 0 0 0 
         0 0 0 0 0 0 0 0 0 0 0 
          0 0 0 0 0 0 0 0 0 0 0 
Joann
3982
0 0 0 0 0 0 0 0 0 0 0 
 0 0 0 0 0 0 0 0 0 0 0 
  0 0 0 0 0 0 0 0 0 0 0 
   0 0 0 0 0 0 0 0 0 0 0 
    0 0 0 0 2 0 0 0 0 0 0 
     0 0 0 0 1 0 0 0 0 0 0 
      0 0 0 0 0 0 0 0 0 0 0 
       0 0 0 0 0 0 0 0 0 0 0 
        0 0 0 0 0 0 0 0 0 0 0 
         0 0 0 0 0 0 0 0 0 0 0 
          0 0 0 0 0 0 0 0 0 0 0 
Jessica
2009
0 0 0 0 0 0 0 0 0 0 0 
 0 0 0 0 0 0 0 0 0 0 0 
  0 0 0 0 0 0 0 0 0 0 0 
   0 0 0 0 0 0 0 0 0 0 0 
    0 0 0 0 2 1 0 0 0 0 0 
     0 0 0 0 1 0 0 0 0 0 0 
      0 0 0 0 0 0 0 0 0 0 0 
       0 0 0 0 0 0 0 0 0 0 0 
        0 0 0 0 0 0 0 0 0 0 0 
         0 0 0 0 0 0 0 0 0 0 0 
          0 0 0 0 0 0 0 0 0 0 0 
Joann
3470
0 0 0 0 0 0 0 0 0 0 0 
 0 0 0 0 0 0 0 0 0 0 0 
  0 0 0 0 0 0 0 0 0 0 0 
   0 0 0 0 0 0 0 0 0 0 0 
    0 0 0 0 2 1 0 0 0 0 0 
     0 0 0 0 1 0 0 0 0 0 0 
      0 0 0 0 0 0 0 0 0 0 0 
       0 0 0 0 0 0 0 0 0 0 0 
        0 2 0 0 0 0 0 0 0 0 0 
         0 0 0 0 0 0 0 0 0 0 0 
          0 0 0 0 0 0 0 0 0 0 0 
Jessica
2029
0 0 0 0 0 0 0 0 0 0 0 
 0 0 0 0 0 0 0 0 0 0 0 
  0 0 0 0 0 0 0 0 0 0 0 
   0 0 0 0 0 0 0 0 0 0 0 
    0 0 0 0 2 1 0 0 0 0 0 
     0 0 0 0 1 0 0 0 0 0 0 
      0 0 0 0 1 0 0 0 0 0 0 
       0 0 0 0 0 0 0 0 0 0 0 
        0 2 0 0 0 0 0 0 0 0 0 
         0 0 0 0 0 0 0 0 0 0 0 
          0 0 0 0 0 0 0 0 0 0 0 
Joann
3532
0 0 0 0 0 0 0 0 0 0 0 
 0 0 0 0 0 0 0 0 0 0 0 
  0 0 0 0 0 0 0 0 0 0 0 
   0 0 0 0 0 0 0 0 0 0 0 
    0 0 0 0 2 1 0 0 0 0 0 
     0 0 0 0 1 0 0 0 0 0 0 
      0 0 0 0 1 0 0 0 0 0 0 
       0 0 0 0 2 0 0 0 0 0 0 
        0 2 0 0 0 0 0 0 0 0 0 
         0 0 0 0 0 0 0 0 0 0 0 
          0 0 0 0 0 0 0 0 0 0 0 
Jessica
1940
0 0 0 0 0 0 0 0 0 0 0 
 0 0 0 0 0 0 0 0 0 0 0 
  0 0 0 0 0 0 0 0 0 0 0 
   0 0 0 0 0 0 0 0 0 0 0 
    0 0 0 0 2 1 0 0 0 0 0 
     0 0 0 0 1 0 0 0 0 0 0 
      0 0 0 0 1 0 0 0 0 0 0 
       0 0 0 1 2 0 0 0 0 0 0 
        0 2 0 0 0 0 0 0 0 0 0 
         0 0 0 0 0 0 0 0 0 0 0 
          0 0 0 0 0 0 0 0 0 0 0 
Joann
3914
0 0 0 0 0 0 0 0 0 0 0 
 0 0 0 0 0 0 0 0 0 0 0 
  0 0 0 0 0 0 0 0 0 0 0 
   0 0 0 0 0 0 0 0 0 0 0 
    0 0 0 0 2 1 0 0 0 0 0 
     0 0 0 0 1 0 0 0 0 0 0 
      0 0 0 0 1 0 0 0 0 0 0 
       0 0 0 1 2 0 0 0 0 0 0 
        0 2 2 0 0 0 0 0 0 0 0 
         0 0 0 0 0 0 0 0 0 0 0 
          0 0 0 0 0 0 0 0 0 0 0 
Jessica
1964
0 0 0 0 0 0 0 0 0 0 0 
 0 0 0 0 0 0 0 0 0 0 0 
  0 0 0 0 0 0 0 0 0 0 0 
   0 0 0 0 0 0 0 0 0 0 0 
    0 0 0 0 2 1 0 0 0 0 0 
     0 0 0 0 1 0 0 0 0 0 0 
      0 0 0 0 1 0 0 0 0 0 0 
       0 0 0 1 2 0 0 0 0 0 0 
        0 2 2 1 0 0 0 0 0 0 0 
         0 0 0 0 0 0 0 0 0 0 0 
          0 0 0 0 0 0 0 0 0 0 0 
Joann
3176
0 0 0 0 0 0 0 0 0 0 0 
 0 0 0 0 0 0 0 0 0 0 0 
  0 0 0 0 0 0 0 0 0 0 0 
   0 0 0 0 0 2 0 0 0 0 0 
    0 0 0 0 2 1 0 0 0 0 0 
     0 0 0 0 1 0 0 0 0 0 0 
      0 0 0 0 1 0 0 0 0 0 0 
       0 0 0 1 2 0 0 0 0 0 0 
        0 2 2 1 0 0 0 0 0 0 0 
         0 0 0 0 0 0 0 0 0 0 0 
          0 0 0 0 0 0 0 0 0 0 0 
Jessica
1888
0 0 0 0 0 0 0 0 0 0 0 
 0 0 0 0 0 0 0 0 0 0 0 
  0 0 0 0 0 0 0 0 0 0 0 
   0 0 0 0 0 2 1 0 0 0 0 
    0 0 0 0 2 1 0 0 0 0 0 
     0 0 0 0 1 0 0 0 0 0 0 
      0 0 0 0 1 0 0 0 0 0 0 
       0 0 0 1 2 0 0 0 0 0 0 
        0 2 2 1 0 0 0 0 0 0 0 
         0 0 0 0 0 0 0 0 0 0 0 
          0 0 0 0 0 0 0 0 0 0 0 
Joann
3162
0 0 0 0 0 0 0 0 0 0 0 
 0 0 0 0 0 0 0 0 0 0 0 
  0 0 0 0 0 0 2 0 0 0 0 
   0 0 0 0 0 2 1 0 0 0 0 
    0 0 0 0 2 1 0 0 0 0 0 
     0 0 0 0 1 0 0 0 0 0 0 
      0 0 0 0 1 0 0 0 0 0 0 
       0 0 0 1 2 0 0 0 0 0 0 
        0 2 2 1 0 0 0 0 0 0 0 
         0 0 0 0 0 0 0 0 0 0 0 
          0 0 0 0 0 0 0 0 0 0 0 
Jessica
1906
0 0 0 0 0 0 0 0 0 0 0 
 0 0 0 0 0 0 0 0 0 0 0 
  0 0 0 0 0 0 2 1 0 0 0 
   0 0 0 0 0 2 1 0 0 0 0 
    0 0 0 0 2 1 0 0 0 0 0 
     0 0 0 0 1 0 0 0 0 0 0 
      0 0 0 0 1 0 0 0 0 0 0 
       0 0 0 1 2 0 0 0 0 0 0 
        0 2 2 1 0 0 0 0 0 0 0 
         0 0 0 0 0 0 0 0 0 0 0 
          0 0 0 0 0 0 0 0 0 0 0 
Joann
3796
0 0 0 0 0 0 0 0 0 0 0 
 0 0 0 0 0 0 0 2 0 0 0 
  0 0 0 0 0 0 2 1 0 0 0 
   0 0 0 0 0 2 1 0 0 0 0 
    0 0 0 0 2 1 0 0 0 0 0 
     0 0 0 0 1 0 0 0 0 0 0 
      0 0 0 0 1 0 0 0 0 0 0 
       0 0 0 1 2 0 0 0 0 0 0 
        0 2 2 1 0 0 0 0 0 0 0 
         0 0 0 0 0 0 0 0 0 0 0 
          0 0 0 0 0 0 0 0 0 0 0 
Jessica
1815
0 0 0 0 0 0 0 0 0 0 0 
 0 0 0 0 0 0 0 2 1 0 0 
  0 0 0 0 0 0 2 1 0 0 0 
   0 0 0 0 0 2 1 0 0 0 0 
    0 0 0 0 2 1 0 0 0 0 0 
     0 0 0 0 1 0 0 0 0 0 0 
      0 0 0 0 1 0 0 0 0 0 0 
       0 0 0 1 2 0 0 0 0 0 0 
        0 2 2 1 0 0 0 0 0 0 0 
         0 0 0 0 0 0 0 0 0 0 0 
          0 0 0 0 0 0 0 0 0 0 0 
Joann
2913
0 0 0 0 0 0 0 0 0 2 0 
 0 0 0 0 0 0 0 2 1 0 0 
  0 0 0 0 0 0 2 1 0 0 0 
   0 0 0 0 0 2 1 0 0 0 0 
    0 0 0 0 2 1 0 0 0 0 0 
     0 0 0 0 1 0 0 0 0 0 0 
      0 0 0 0 1 0 0 0 0 0 0 
       0 0 0 1 2 0 0 0 0 0 0 
        0 2 2 1 0 0 0 0 0 0 0 
         0 0 0 0 0 0 0 0 0 0 0 
          0 0 0 0 0 0 0 0 0 0 0 
Jessica
2108
0 0 0 0 0 0 0 0 1 2 0 
 0 0 0 0 0 0 0 2 1 0 0 
  0 0 0 0 0 0 2 1 0 0 0 
   0 0 0 0 0 2 1 0 0 0 0 
    0 0 0 0 2 1 0 0 0 0 0 
     0 0 0 0 1 0 0 0 0 0 0 
      0 0 0 0 1 0 0 0 0 0 0 
       0 0 0 1 2 0 0 0 0 0 0 
        0 2 2 1 0 0 0 0 0 0 0 
         0 0 0 0 0 0 0 0 0 0 0 
          0 0 0 0 0 0 0 0 0 0 0 
Joann
4039
0 0 0 0 0 0 0 0 1 2 0 
 0 0 0 0 0 0 0 2 1 0 0 
  0 0 0 0 0 0 2 1 0 0 0 
   0 0 0 0 0 2 1 0 0 0 0 
    0 0 0 0 2 1 0 0 0 0 0 
     0 0 0 0 1 0 0 0 0 0 0 
      0 0 0 0 1 0 0 0 0 0 0 
       0 0 0 1 2 0 0 0 0 0 0 
        0 2 2 1 0 0 0 0 0 0 0 
         0 0 2 0 0 0 0 0 0 0 0 
          0 0 0 0 0 0 0 0 0 0 0 
Jessica
1177
0 0 0 0 0 0 0 0 1 2 0 
 0 0 0 0 0 0 0 2 1 0 0 
  0 0 0 0 0 0 2 1 0 0 0 
   0 0 0 0 0 2 1 0 0 0 0 
    0 0 0 0 2 1 0 0 0 0 0 
     0 0 0 0 1 0 0 0 0 0 0 
      0 0 0 0 1 0 0 0 0 0 0 
       0 0 0 1 2 0 0 0 0 0 0 
        0 2 2 1 0 0 0 0 0 0 0 
         0 0 2 1 0 0 0 0 0 0 0 
          0 0 0 0 0 0 0 0 0 0 0 
Joann
3424
0 0 0 0 0 0 0 0 1 2 0 
 0 0 0 0 0 0 0 2 1 0 0 
  0 0 0 0 0 0 2 1 0 0 0 
   0 0 0 0 0 2 1 0 0 0 0 
    0 0 0 0 2 1 0 0 0 0 0 
     0 0 0 0 1 0 0 0 0 0 0 
      0 0 0 0 1 0 0 0 0 0 0 
       0 0 0 1 2 0 0 0 0 0 0 
        0 2 2 1 0 0 0 0 0 0 0 
         0 0 2 1 0 0 0 0 0 0 0 
          0 0 2 0 0 0 0 0 0 0 0 
Jessica
565801
0 0 0 0 0 0 0 0 1 2 0 
 0 0 0 0 0 0 0 2 1 0 0 
  0 0 0 0 0 0 2 1 0 0 0 
   0 0 0 0 0 2 1 0 0 0 0 
    0 0 0 0 2 1 0 0 0 0 0 
     0 0 0 0 1 0 0 0 0 0 0 
      0 0 0 0 1 0 0 0 0 0 0 
       0 0 0 1 2 0 0 0 0 0 0 
        0 2 2 1 0 0 0 0 0 0 0 
         0 0 2 1 0 0 0 0 0 0 0 
          0 0 2 1 0 0 0 0 0 0 0 
Winner: Jessica
0 0 0 0 0 0 0 0 0 0 0 
 0 0 0 0 0 0 0 0 0 0 0 
  0 0 0 0 0 0 0 0 0 0 0 
   0 0 0 0 0 0 0 0 0 0 0 
    0 0 0 0 0 0 0 0 0 0 0 
     0 0 0 0 0 0 0 0 0 0 0 
      0 0 0 0 0 0 0 0 0 0 0 
       0 0 0 0 0 0 0 0 0 0 0 
        0 0 0 0 0 0 0 0 0 0 0 
         0 0 0 0 0 0 0 0 0 0 0 
          0 0 0 0 0 0 0 0 0 0 0 
Joann
3013
0 0 0 0 0 0 0 0 0 0 0 
 0 0 0 0 0 0 0 0 0 0 0 
  0 0 0 0 0 0 0 0 0 0 0 
   0 0 0 0 0 0 0 0 0 0 0 
    0 0 0 0 0 0 0 0 0 0 0 
     0 0 0 0 0 0 1 0 0 0 0 
      0 0 0 0 0 0 0 0 0 0 0 
       0 0 0 0 0 0 0 0 0 0 0 
        0 0 0 0 0 0 0 0 0 0 0 
         0 0 0 0 0 0 0 0 0 0 0 
          0 0 0 0 0 0 0 0 0 0 0 
Jessica
1869
0 0 0 0 0 0 0 0 0 0 0 
 0 0 0 0 0 0 0 0 0 0 0 
  0 0 0 0 0 0 0 0 0 0 0 
   0 0 0 0 0 0 0 0 0 0 0 
    0 0 0 0 0 0 0 2 0 0 0 
     0 0 0 0 0 0 1 0 0 0 0 
      0 0 0 0 0 0 0 0 0 0 0 
       0 0 0 0 0 0 0 0 0 0 0 
        0 0 0 0 0 0 0 0 0 0 0 
         0 0 0 0 0 0 0 0 0 0 0 
          0 0 0 0 0 0 0 0 0 0 0 
Joann
3950
0 0 0 0 0 0 0 0 0 0 0 
 0 0 0 0 0 0 0 0 0 0 0 
  0 0 0 0 0 0 0 0 0 0 0 
   0 0 0 0 0 0 0 0 0 0 0 
    0 0 0 0 0 0 0 2 0 0 0 
     0 0 0 0 0 0 1 0 0 0 0 
      0 0 0 0 1 0 0 0 0 0 0 
       0 0 0 0 0 0 0 0 0 0 0 
        0 0 0 0 0 0 0 0 0 0 0 
         0 0 0 0 0 0 0 0 0 0 0 
          0 0 0 0 0 0 0 0 0 0 0 
Jessica
1599
0 0 0 0 0 0 0 0 0 0 0 
 0 0 0 0 0 0 0 0 0 0 0 
  0 0 0 0 0 0 0 0 0 0 0 
   0 0 0 0 0 0 0 0 0 0 0 
    0 0 0 0 0 0 2 2 0 0 0 
     0 0 0 0 0 0 1 0 0 0 0 
      0 0 0 0 1 0 0 0 0 0 0 
       0 0 0 0 0 0 0 0 0 0 0 
        0 0 0 0 0 0 0 0 0 0 0 
         0 0 0 0 0 0 0 0 0 0 0 
          0 0 0 0 0 0 0 0 0 0 0 
Joann
3913
0 0 0 0 0 0 0 0 0 0 0 
 0 0 0 0 0 0 0 0 0 0 0 
  0 0 0 0 0 0 0 0 0 0 0 
   0 0 0 0 0 0 0 0 0 0 0 
    0 0 0 0 0 0 2 2 0 0 0 
     0 0 0 0 0 0 1 0 0 0 0 
      0 0 0 0 1 0 0 0 0 0 0 
       0 0 0 0 0 0 0 0 0 0 0 
        0 0 0 0 0 0 0 0 0 0 0 
         0 1 0 0 0 0 0 0 0 0 0 
          0 0 0 0 0 0 0 0 0 0 0 
Jessica
1239
0 0 0 0 0 0 0 0 0 0 0 
 0 0 0 0 0 0 0 0 0 0 0 
  0 0 0 0 0 0 0 0 0 0 0 
   0 0 0 0 0 0 0 0 0 0 0 
    0 0 0 0 0 2 2 2 0 0 0 
     0 0 0 0 0 0 1 0 0 0 0 
      0 0 0 0 1 0 0 0 0 0 0 
       0 0 0 0 0 0 0 0 0 0 0 
        0 0 0 0 0 0 0 0 0 0 0 
         0 1 0 0 0 0 0 0 0 0 0 
          0 0 0 0 0 0 0 0 0 0 0 
Joann
3896
0 0 0 0 0 0 0 0 0 0 0 
 0 0 0 0 0 0 0 0 0 0 0 
  0 0 0 0 0 0 0 0 0 0 0 
   0 0 0 0 0 0 0 0 0 0 0 
    0 0 0 0 1 2 2 2 0 0 0 
     0 0 0 0 0 0 1 0 0 0 0 
      0 0 0 0 1 0 0 0 0 0 0 
       0 0 0 0 0 0 0 0 0 0 0 
        0 0 0 0 0 0 0 0 0 0 0 
         0 1 0 0 0 0 0 0 0 0 0 
          0 0 0 0 0 0 0 0 0 0 0 
Jessica
1952
0 0 0 0 0 0 0 0 0 0 0 
 0 0 0 0 0 0 0 0 0 0 0 
  0 0 0 0 0 0 0 0 0 0 0 
   0 0 0 0 0 0 0 0 0 0 0 
    0 0 0 0 1 2 2 2 0 0 0 
     0 0 0 0 2 0 1 0 0 0 0 
      0 0 0 0 1 0 0 0 0 0 0 
       0 0 0 0 0 0 0 0 0 0 0 
        0 0 0 0 0 0 0 0 0 0 0 
         0 1 0 0 0 0 0 0 0 0 0 
          0 0 0 0 0 0 0 0 0 0 0 
Joann
3765
0 0 0 0 0 0 0 0 0 0 0 
 0 0 0 0 0 0 0 0 0 0 0 
  0 0 0 0 0 0 0 0 0 0 0 
   0 0 0 0 0 0 0 0 0 0 0 
    0 0 0 0 1 2 2 2 0 0 0 
     0 0 0 1 2 0 1 0 0 0 0 
      0 0 0 0 1 0 0 0 0 0 0 
       0 0 0 0 0 0 0 0 0 0 0 
        0 0 0 0 0 0 0 0 0 0 0 
         0 1 0 0 0 0 0 0 0 0 0 
          0 0 0 0 0 0 0 0 0 0 0 
Jessica
1270
0 0 0 0 0 0 0 0 0 0 0 
 0 0 0 0 0 0 0 0 0 0 0 
  0 0 0 0 0 0 0 0 0 0 0 
   0 0 0 0 0 2 0 0 0 0 0 
    0 0 0 0 1 2 2 2 0 0 0 
     0 0 0 1 2 0 1 0 0 0 0 
      0 0 0 0 1 0 0 0 0 0 0 
       0 0 0 0 0 0 0 0 0 0 0 
        0 0 0 0 0 0 0 0 0 0 0 
         0 1 0 0 0 0 0 0 0 0 0 
          0 0 0 0 0 0 0 0 0 0 0 
Joann
3455
0 0 0 0 0 0 0 0 0 0 0 
 0 0 0 0 0 0 0 0 0 0 0 
  0 0 0 0 0 0 0 0 0 0 0 
   0 0 0 0 0 2 0 0 0 0 0 
    0 0 0 0 1 2 2 2 0 0 0 
     0 0 0 1 2 0 1 0 0 0 0 
      0 0 0 1 1 0 0 0 0 0 0 
       0 0 0 0 0 0 0 0 0 0 0 
        0 0 0 0 0 0 0 0 0 0 0 
         0 1 0 0 0 0 0 0 0 0 0 
          0 0 0 0 0 0 0 0 0 0 0 
Jessica
1818
0 0 0 0 0 0 0 0 0 0 0 
 0 0 0 0 0 0 0 0 0 0 0 
  0 0 0 0 0 0 0 0 0 0 0 
   0 0 0 0 2 2 0 0 0 0 0 
    0 0 0 0 1 2 2 2 0 0 0 
     0 0 0 1 2 0 1 0 0 0 0 
      0 0 0 1 1 0 0 0 0 0 0 
       0 0 0 0 0 0 0 0 0 0 0 
        0 0 0 0 0 0 0 0 0 0 0 
         0 1 0 0 0 0 0 0 0 0 0 
          0 0 0 0 0 0 0 0 0 0 0 
Joann
2239
0 0 0 0 0 0 0 0 0 0 0 
 0 0 0 0 0 0 0 0 0 0 0 
  0 0 0 0 0 0 0 0 0 0 0 
   0 0 0 1 2 2 0 0 0 0 0 
    0 0 0 0 1 2 2 2 0 0 0 
     0 0 0 1 2 0 1 0 0 0 0 
      0 0 0 1 1 0 0 0 0 0 0 
       0 0 0 0 0 0 0 0 0 0 0 
        0 0 0 0 0 0 0 0 0 0 0 
         0 1 0 0 0 0 0 0 0 0 0 
          0 0 0 0 0 0 0 0 0 0 0 
Jessica
1960
0 0 0 0 0 0 0 0 0 0 0 
 0 0 0 0 0 0 0 0 0 0 0 
  0 0 0 0 0 0 0 0 0 0 0 
   0 0 0 1 2 2 0 0 0 0 0 
    0 0 0 2 1 2 2 2 0 0 0 
     0 0 0 1 2 0 1 0 0 0 0 
      0 0 0 1 1 0 0 0 0 0 0 
       0 0 0 0 0 0 0 0 0 0 0 
        0 0 0 0 0 0 0 0 0 0 0 
         0 1 0 0 0 0 0 0 0 0 0 
          0 0 0 0 0 0 0 0 0 0 0 
Joann
3452
0 0 0 0 0 0 0 0 0 0 0 
 0 0 0 0 0 0 0 0 0 0 0 
  0 0 0 0 0 0 0 0 0 0 0 
   0 0 0 1 2 2 0 0 0 0 0 
    0 0 1 2 1 2 2 2 0 0 0 
     0 0 0 1 2 0 1 0 0 0 0 
      0 0 0 1 1 0 0 0 0 0 0 
       0 0 0 0 0 0 0 0 0 0 0 
        0 0 0 0 0 0 0 0 0 0 0 
         0 1 0 0 0 0 0 0 0 0 0 
          0 0 0 0 0 0 0 0 0 0 0 
Jessica
1876
0 0 0 0 0 0 0 0 0 0 0 
 0 0 0 0 0 0 0 0 0 0 0 
  0 0 0 0 0 0 0 0 0 0 0 
   0 0 0 1 2 2 0 0 0 0 0 
    0 0 1 2 1 2 2 2 0 0 0 
     0 0 2 1 2 0 1 0 0 0 0 
      0 0 0 1 1 0 0 0 0 0 0 
       0 0 0 0 0 0 0 0 0 0 0 
        0 0 0 0 0 0 0 0 0 0 0 
         0 1 0 0 0 0 0 0 0 0 0 
          0 0 0 0 0 0 0 0 0 0 0 
Joann
3278
0 0 0 0 0 0 0 0 0 0 0 
 0 0 0 0 0 0 0 0 0 0 0 
  0 0 0 0 0 0 0 0 0 0 0 
   0 0 0 1 2 2 0 0 0 0 0 
    0 0 1 2 1 2 2 2 0 0 0 
     0 1 2 1 2 0 1 0 0 0 0 
      0 0 0 1 1 0 0 0 0 0 0 
       0 0 0 0 0 0 0 0 0 0 0 
        0 0 0 0 0 0 0 0 0 0 0 
         0 1 0 0 0 0 0 0 0 0 0 
          0 0 0 0 0 0 0 0 0 0 0 
Jessica
1789
0 0 0 0 0 0 0 0 0 0 0 
 0 0 0 0 0 0 0 0 0 0 0 
  0 0 0 0 0 0 0 0 0 0 0 
   0 0 0 1 2 2 0 0 0 0 0 
    0 0 1 2 1 2 2 2 0 0 0 
     0 1 2 1 2 0 1 0 0 0 0 
      0 2 0 1 1 0 0 0 0 0 0 
       0 0 0 0 0 0 0 0 0 0 0 
        0 0 0 0 0 0 0 0 0 0 0 
         0 1 0 0 0 0 0 0 0 0 0 
          0 0 0 0 0 0 0 0 0 0 0 
Joann
3550
0 0 0 0 0 0 0 0 0 0 0 
 0 0 0 0 0 0 0 0 0 0 0 
  0 0 0 0 0 0 0 0 0 0 0 
   0 0 0 1 2 2 0 0 0 0 0 
    0 0 1 2 1 2 2 2 0 0 0 
     0 1 2 1 2 0 1 0 0 0 0 
      0 2 0 1 1 0 0 0 0 0 0 
       1 0 0 0 0 0 0 0 0 0 0 
        0 0 0 0 0 0 0 0 0 0 0 
         0 1 0 0 0 0 0 0 0 0 0 
          0 0 0 0 0 0 0 0 0 0 0 
Jessica
2057
0 0 0 0 0 0 0 0 0 0 0 
 0 0 0 0 0 0 0 0 0 0 0 
  0 0 0 0 0 0 0 0 0 0 0 
   0 0 0 1 2 2 0 0 0 0 0 
    0 0 1 2 1 2 2 2 0 0 0 
     0 1 2 1 2 0 1 0 0 0 0 
      2 2 0 1 1 0 0 0 0 0 0 
       1 0 0 0 0 0 0 0 0 0 0 
        0 0 0 0 0 0 0 0 0 0 0 
         0 1 0 0 0 0 0 0 0 0 0 
          0 0 0 0 0 0 0 0 0 0 0 
Joann
4014
0 0 0 0 0 0 0 0 0 0 0 
 0 0 0 0 0 0 0 0 0 0 0 
  0 0 0 0 0 0 0 0 0 0 0 
   0 0 0 1 2 2 0 0 0 0 0 
    0 0 1 2 1 2 2 2 1 0 0 
     0 1 2 1 2 0 1 0 0 0 0 
      2 2 0 1 1 0 0 0 0 0 0 
       1 0 0 0 0 0 0 0 0 0 0 
        0 0 0 0 0 0 0 0 0 0 0 
         0 1 0 0 0 0 0 0 0 0 0 
          0 0 0 0 0 0 0 0 0 0 0 
Jessica
689
0 0 0 0 0 0 0 0 0 0 0 
 0 0 0 0 0 0 0 0 0 0 0 
  0 0 0 0 0 0 0 0 0 0 0 
   0 0 0 1 2 2 0 0 2 0 0 
    0 0 1 2 1 2 2 2 1 0 0 
     0 1 2 1 2 0 1 0 0 0 0 
      2 2 0 1 1 0 0 0 0 0 0 
       1 0 0 0 0 0 0 0 0 0 0 
        0 0 0 0 0 0 0 0 0 0 0 
         0 1 0 0 0 0 0 0 0 0 0 
          0 0 0 0 0 0 0 0 0 0 0 
Joann
3725
0 0 0 0 0 0 0 0 0 0 0 
 0 0 0 0 0 0 0 0 0 0 0 
  0 0 0 0 0 0 0 0 0 0 0 
   0 0 0 1 2 2 0 0 2 0 0 
    0 0 1 2 1 2 2 2 1 0 0 
     0 1 2 1 2 0 1 1 0 0 0 
      2 2 0 1 1 0 0 0 0 0 0 
       1 0 0 0 0 0 0 0 0 0 0 
        0 0 0 0 0 0 0 0 0 0 0 
         0 1 0 0 0 0 0 0 0 0 0 
          0 0 0 0 0 0 0 0 0 0 0 
Jessica
1976
0 0 0 0 0 0 0 0 0 0 0 
 0 0 0 0 0 0 0 0 0 0 0 
  0 0 0 0 0 0 0 0 0 0 0 
   0 0 0 1 2 2 0 0 2 2 0 
    0 0 1 2 1 2 2 2 1 0 0 
     0 1 2 1 2 0 1 1 0 0 0 
      2 2 0 1 1 0 0 0 0 0 0 
       1 0 0 0 0 0 0 0 0 0 0 
        0 0 0 0 0 0 0 0 0 0 0 
         0 1 0 0 0 0 0 0 0 0 0 
          0 0 0 0 0 0 0 0 0 0 0 
Joann
3766
0 0 0 0 0 0 0 0 0 0 0 
 0 0 0 0 0 0 0 0 0 0 0 
  0 0 0 0 0 0 0 0 0 0 0 
   0 0 0 1 2 2 0 0 2 2 1 
    0 0 1 2 1 2 2 2 1 0 0 
     0 1 2 1 2 0 1 1 0 0 0 
      2 2 0 1 1 0 0 0 0 0 0 
       1 0 0 0 0 0 0 0 0 0 0 
        0 0 0 0 0 0 0 0 0 0 0 
         0 1 0 0 0 0 0 0 0 0 0 
          0 0 0 0 0 0 0 0 0 0 0 
Jessica
519981
0 0 0 0 0 0 0 0 0 0 0 
 0 0 0 0 0 0 0 0 0 0 0 
  0 0 0 0 0 0 0 0 0 0 2 
   0 0 0 1 2 2 0 0 2 2 1 
    0 0 1 2 1 2 2 2 1 0 0 
     0 1 2 1 2 0 1 1 0 0 0 
      2 2 0 1 1 0 0 0 0 0 0 
       1 0 0 0 0 0 0 0 0 0 0 
        0 0 0 0 0 0 0 0 0 0 0 
         0 1 0 0 0 0 0 0 0 0 0 
          0 0 0 0 0 0 0 0 0 0 0 
Winner: Jessica
0 0 0 0 0 0 0 0 0 0 0 
 0 0 0 0 0 0 0 0 0 0 0 
  0 0 0 0 0 0 0 0 0 0 0 
   0 0 0 0 0 0 0 0 0 0 0 
    0 0 0 0 0 0 0 0 0 0 0 
     0 0 0 0 0 0 0 0 0 0 0 
      0 0 0 0 0 0 0 0 0 0 0 
       0 0 0 0 0 0 0 0 0 0 0 
        0 0 0 0 0 0 0 0 0 0 0 
         0 0 0 0 0 0 0 0 0 0 0 
          0 0 0 0 0 0 0 0 0 0 0 
Jessica
850
0 0 0 0 0 0 0 0 0 0 0 
 0 0 0 0 0 0 0 0 0 0 0 
  0 0 0 0 0 0 0 0 0 0 0 
   0 0 0 0 0 0 0 0 0 0 0 
    0 0 0 0 0 1 0 0 0 0 0 
     0 0 0 0 0 0 0 0 0 0 0 
      0 0 0 0 0 0 0 0 0 0 0 
       0 0 0 0 0 0 0 0 0 0 0 
        0 0 0 0 0 0 0 0 0 0 0 
         0 0 0 0 0 0 0 0 0 0 0 
          0 0 0 0 0 0 0 0 0 0 0 
Joann
3615
0 0 0 0 0 0 0 0 0 0 0 
 0 0 0 0 0 0 0 0 0 0 0 
  0 0 0 0 0 0 0 0 0 0 0 
   0 0 0 0 0 0 0 0 0 0 0 
    0 0 0 0 0 1 0 0 0 0 0 
     0 0 0 0 2 0 0 0 0 0 0 
      0 0 0 0 0 0 0 0 0 0 0 
       0 0 0 0 0 0 0 0 0 0 0 
        0 0 0 0 0 0 0 0 0 0 0 
         0 0 0 0 0 0 0 0 0 0 0 
          0 0 0 0 0 0 0 0 0 0 0 
Jessica
2011
0 0 0 0 0 0 0 0 0 0 0 
 0 0 0 0 0 0 0 0 0 0 0 
  0 0 0 0 0 0 0 0 0 0 0 
   0 0 0 0 0 0 0 0 0 0 0 
    0 0 0 0 0 1 0 0 0 0 0 
     0 0 0 0 2 1 0 0 0 0 0 
      0 0 0 0 0 0 0 0 0 0 0 
       0 0 0 0 0 0 0 0 0 0 0 
        0 0 0 0 0 0 0 0 0 0 0 
         0 0 0 0 0 0 0 0 0 0 0 
          0 0 0 0 0 0 0 0 0 0 0 
Joann
3387
0 0 0 0 0 0 0 0 0 0 0 
 0 0 0 0 0 0 0 0 0 0 0 
  0 0 0 0 0 0 0 0 0 0 0 
   0 0 0 0 0 0 0 0 0 0 0 
    0 0 0 0 0 1 0 0 0 0 0 
     0 0 0 0 2 1 0 0 0 0 0 
      0 0 0 0 0 0 0 0 0 0 0 
       0 0 0 0 0 2 0 0 0 0 0 
        0 0 0 0 0 0 0 0 0 0 0 
         0 0 0 0 0 0 0 0 0 0 0 
          0 0 0 0 0 0 0 0 0 0 0 
Jessica
1980
0 0 0 0 0 0 0 0 0 0 0 
 0 0 0 0 0 0 0 0 0 0 0 
  0 0 0 0 0 0 0 0 0 0 0 
   0 0 0 0 0 0 0 0 0 0 0 
    0 0 0 0 0 1 0 0 0 0 0 
     0 0 0 0 2 1 0 0 0 0 0 
      0 0 0 0 0 0 1 0 0 0 0 
       0 0 0 0 0 2 0 0 0 0 0 
        0 0 0 0 0 0 0 0 0 0 0 
         0 0 0 0 0 0 0 0 0 0 0 
          0 0 0 0 0 0 0 0 0 0 0 
Joann
3257
0 0 0 0 0 0 0 0 0 0 0 
 0 0 0 0 0 0 0 0 0 0 0 
  0 0 0 0 0 0 0 0 0 0 0 
   0 0 0 0 0 0 0 0 0 0 0 
    0 0 0 0 0 1 0 0 0 0 0 
     0 0 0 0 2 1 0 0 0 0 0 
      0 0 0 0 0 0 1 0 0 0 0 
       0 0 0 0 0 2 2 0 0 0 0 
        0 0 0 0 0 0 0 0 0 0 0 
         0 0 0 0 0 0 0 0 0 0 0 
          0 0 0 0 0 0 0 0 0 0 0 
Jessica
2015
0 0 0 0 0 0 0 0 0 0 0 
 0 0 0 0 0 0 0 0 0 0 0 
  0 0 0 0 0 0 0 0 0 0 0 
   0 0 0 0 0 0 0 0 0 0 0 
    0 0 0 0 0 1 0 0 0 0 0 
     0 0 0 0 2 1 0 0 0 0 0 
      0 0 0 0 0 0 1 0 0 0 0 
       0 0 0 0 0 2 2 0 0 0 0 
        0 0 0 1 0 0 0 0 0 0 0 
         0 0 0 0 0 0 0 0 0 0 0 
          0 0 0 0 0 0 0 0 0 0 0 
Joann
3887
0 0 0 0 0 0 0 0 0 0 0 
 0 0 0 0 0 0 0 0 0 0 0 
  0 0 0 0 0 0 0 0 0 0 0 
   0 0 0 0 0 0 0 0 0 0 0 
    0 0 0 0 0 1 0 0 0 0 0 
     0 0 0 0 2 1 0 0 0 0 0 
      0 0 0 0 0 0 1 0 0 0 0 
       0 0 0 0 2 2 2 0 0 0 0 
        0 0 0 1 0 0 0 0 0 0 0 
         0 0 0 0 0 0 0 0 0 0 0 
          0 0 0 0 0 0 0 0 0 0 0 
Jessica
1954
0 0 0 0 0 0 0 0 0 0 0 
 0 0 0 0 0 0 0 0 0 0 0 
  0 0 0 0 0 0 0 0 0 0 0 
   0 0 0 0 0 0 0 0 0 0 0 
    0 0 0 0 0 1 0 0 0 0 0 
     0 0 0 0 2 1 0 0 0 0 0 
      0 0 0 0 0 0 1 0 0 0 0 
       0 0 0 1 2 2 2 0 0 0 0 
        0 0 0 1 0 0 0 0 0 0 0 
         0 0 0 0 0 0 0 0 0 0 0 
          0 0 0 0 0 0 0 0 0 0 0 
Joann
2557
0 0 0 0 0 0 0 0 0 0 0 
 0 0 0 0 0 0 0 0 0 0 0 
  0 0 0 0 0 0 0 0 0 0 0 
   0 0 0 0 0 0 0 0 0 0 0 
    0 0 0 0 0 1 0 0 0 0 0 
     0 0 0 0 2 1 0 0 0 0 0 
      0 0 0 0 2 0 1 0 0 0 0 
       0 0 0 1 2 2 2 0 0 0 0 
        0 0 0 1 0 0 0 0 0 0 0 
         0 0 0 0 0 0 0 0 0 0 0 
          0 0 0 0 0 0 0 0 0 0 0 
Jessica
1724
0 0 0 0 0 0 0 0 0 0 0 
 0 0 0 0 0 0 0 0 0 0 0 
  0 0 0 0 0 0 0 0 0 0 0 
   0 0 0 0 0 0 0 0 0 0 0 
    0 0 0 0 0 1 0 0 0 0 0 
     0 0 0 0 2 1 0 0 0 0 0 
      0 0 0 1 2 0 1 0 0 0 0 
       0 0 0 1 2 2 2 0 0 0 0 
        0 0 0 1 0 0 0 0 0 0 0 
         0 0 0 0 0 0 0 0 0 0 0 
          0 0 0 0 0 0 0 0 0 0 0 
Joann
2715
0 0 0 0 0 0 0 0 0 0 0 
 0 0 0 0 0 0 0 0 0 0 0 
  0 0 0 0 0 0 0 0 0 0 0 
   0 0 0 0 0 0 0 0 0 0 0 
    0 0 0 0 0 1 0 0 0 0 0 
     0 0 0 2 2 1 0 0 0 0 0 
      0 0 0 1 2 0 1 0 0 0 0 
       0 0 0 1 2 2 2 0 0 0 0 
        0 0 0 1 0 0 0 0 0 0 0 
         0 0 0 0 0 0 0 0 0 0 0 
          0 0 0 0 0 0 0 0 0 0 0 
Jessica
1857
0 0 0 0 0 0 0 0 0 0 0 
 0 0 0 0 0 0 0 0 0 0 0 
  0 0 0 0 0 0 0 0 0 0 0 
   0 0 0 0 0 0 0 0 0 0 0 
    0 0 0 0 0 1 0 0 0 0 0 
     0 0 1 2 2 1 0 0 0 0 0 
      0 0 0 1 2 0 1 0 0 0 0 
       0 0 0 1 2 2 2 0 0 0 0 
        0 0 0 1 0 0 0 0 0 0 0 
         0 0 0 0 0 0 0 0 0 0 0 
          0 0 0 0 0 0 0 0 0 0 0 
Joann
4128
0 0 0 0 0 0 0 0 0 0 0 
 0 0 0 0 0 0 0 0 0 0 0 
  0 0 0 0 0 0 0 0 0 0 0 
   0 0 0 0 0 0 0 0 0 0 0 
    0 0 0 0 0 1 0 0 0 0 0 
     0 0 1 2 2 1 0 0 0 0 0 
      0 0 2 1 2 0 1 0 0 0 0 
       0 0 0 1 2 2 2 0 0 0 0 
        0 0 0 1 0 0 0 0 0 0 0 
         0 0 0 0 0 0 0 0 0 0 0 
          0 0 0 0 0 0 0 0 0 0 0 
Jessica
1890
0 0 0 0 0 0 0 0 0 0 0 
 0 0 0 0 0 0 0 0 0 0 0 
  0 0 0 0 0 0 0 0 0 0 0 
   0 0 0 0 0 0 0 0 0 0 0 
    0 0 0 0 0 1 0 0 0 0 0 
     0 0 1 2 2 1 0 0 0 0 0 
      0 0 2 1 2 0 1 0 1 0 0 
       0 0 0 1 2 2 2 0 0 0 0 
        0 0 0 1 0 0 0 0 0 0 0 
         0 0 0 0 0 0 0 0 0 0 0 
          0 0 0 0 0 0 0 0 0 0 0 
Joann
3561
0 0 0 0 0 0 0 0 0 0 0 
 0 0 0 0 0 0 0 0 0 0 0 
  0 0 0 0 0 0 0 0 0 0 0 
   0 0 0 0 0 0 0 0 0 0 0 
    0 0 0 0 0 1 0 0 0 0 0 
     0 0 1 2 2 1 0 0 0 0 0 
      0 0 2 1 2 0 1 2 1 0 0 
       0 0 0 1 2 2 2 0 0 0 0 
        0 0 0 1 0 0 0 0 0 0 0 
         0 0 0 0 0 0 0 0 0 0 0 
          0 0 0 0 0 0 0 0 0 0 0 
Jessica
1684
0 0 0 0 0 0 0 0 0 0 0 
 0 0 0 0 0 0 0 0 0 0 0 
  0 0 0 0 0 0 0 0 0 0 0 
   0 0 0 0 0 0 0 0 0 0 0 
    0 0 0 0 0 1 0 0 0 0 0 
     0 0 1 2 2 1 0 0 1 0 0 
      0 0 2 1 2 0 1 2 1 0 0 
       0 0 0 1 2 2 2 0 0 0 0 
        0 0 0 1 0 0 0 0 0 0 0 
         0 0 0 0 0 0 0 0 0 0 0 
          0 0 0 0 0 0 0 0 0 0 0 
Joann
1894
0 0 0 0 0 0 0 0 0 0 0 
 0 0 0 0 0 0 0 0 0 0 0 
  0 0 0 0 0 0 0 0 0 0 0 
   0 0 0 0 0 0 0 0 0 0 0 
    0 0 0 0 0 1 0 0 0 0 0 
     0 0 1 2 2 1 0 0 1 0 0 
      0 0 2 1 2 0 1 2 1 0 0 
       0 0 0 1 2 2 2 0 2 0 0 
        0 0 0 1 0 0 0 0 0 0 0 
         0 0 0 0 0 0 0 0 0 0 0 
          0 0 0 0 0 0 0 0 0 0 0 
Jessica
